<?xml version="1.0" encoding="UTF-8"?>
<testsuite xmlns:xsi="http://www.w3.org/2001/XMLSchema-instance" xsi:noNamespaceSchemaLocation="https://maven.apache.org/surefire/maven-surefire-plugin/xsd/surefire-test-report-3.0.xsd" version="3.0" name="stepdefinitions.TestRunner" time="724.598" tests="19" errors="0" skipped="0" failures="0">
  <properties>
[...]
</properties>
  <testcase name="Verify the browser tab’s title." classname="Sky News website tests" time="29.836">
    <system-out><![CDATA[
Scenario: Verify the browser tabâ€™s title.                                                                                    # src/test/resources/features/skyNews.feature:3
[DEBUG] Using WebDriverManager 5.5.3
[DEBUG] Resolution chrome=118 in cache (valid until 15:31:30 26/10/2023 BST)
[DEBUG] Resolution chrome118=118.0.5993.70 in cache (valid until 22:39:57 26/10/2023 BST)
[INFO] Using chromedriver 118.0.5993.70 (resolved driver for Chrome 118)
[DEBUG] Driver chromedriver 118.0.5993.70 found in cache
[INFO] Exporting webdriver.chrome.driver as C:\Users\sindh\.cache\selenium\chromedriver\win64\118.0.5993.70\chromedriver.exe
[DEBUG] Using SLF4J as the default logging framework
[DEBUG] -Dio.netty.leakDetection.level: simple
[DEBUG] -Dio.netty.leakDetection.targetRecords: 4
[DEBUG] Loaded default ResourceLeakDetector: io.netty.util.ResourceLeakDetector@431e86b1
[DEBUG] -Dio.netty.noUnsafe: false
[DEBUG] Java version: 11
[DEBUG] sun.misc.Unsafe.theUnsafe: available
[DEBUG] sun.misc.Unsafe.copyMemory: available
[DEBUG] sun.misc.Unsafe.storeFence: available
[DEBUG] java.nio.Buffer.address: available
[DEBUG] direct buffer constructor: unavailable: Reflective setAccessible(true) disabled
[DEBUG] java.nio.Bits.unaligned: available, true
[DEBUG] jdk.internal.misc.Unsafe.allocateUninitializedArray(int): unavailable: class io.netty.util.internal.PlatformDependent0$7 cannot access class jdk.internal.misc.Unsafe (in module java.base) because module java.base does not export jdk.internal.misc to unnamed module @6b8d96d9
[DEBUG] java.nio.DirectByteBuffer.<init>(long, int): unavailable
[DEBUG] sun.misc.Unsafe: available
[DEBUG] maxDirectMemory: 2086666240 bytes (maybe)
[DEBUG] -Dio.netty.tmpdir: C:\Users\sindh\AppData\Local\Temp (java.io.tmpdir)
[DEBUG] -Dio.netty.bitMode: 64 (sun.arch.data.model)
[DEBUG] Platform: Windows
[DEBUG] -Dio.netty.maxDirectMemory: -1 bytes
[DEBUG] -Dio.netty.uninitializedArrayAllocationThreshold: -1
[DEBUG] java.nio.ByteBuffer.cleaner(): available
[DEBUG] -Dio.netty.noPreferDirect: false
[DEBUG] org.jctools-core.MpscChunkedArrayQueue: available
[DEBUG] -Dio.netty.threadLocalMap.stringBuilder.initialSize: 1024
[DEBUG] -Dio.netty.threadLocalMap.stringBuilder.maxSize: 4096
[DEBUG] Default protocols (JDK): [TLSv1.3, TLSv1.2] 
[DEBUG] Default cipher suites (JDK): [TLS_ECDHE_ECDSA_WITH_AES_256_GCM_SHA384, TLS_ECDHE_ECDSA_WITH_AES_128_GCM_SHA256, TLS_ECDHE_RSA_WITH_AES_128_GCM_SHA256, TLS_ECDHE_RSA_WITH_AES_256_GCM_SHA384, TLS_ECDHE_RSA_WITH_AES_128_CBC_SHA, TLS_ECDHE_RSA_WITH_AES_256_CBC_SHA, TLS_RSA_WITH_AES_128_GCM_SHA256, TLS_RSA_WITH_AES_128_CBC_SHA, TLS_RSA_WITH_AES_256_CBC_SHA, TLS_AES_128_GCM_SHA256, TLS_AES_256_GCM_SHA384]
[DEBUG] -Dio.netty.eventLoopThreads: 16
[DEBUG] -Dio.netty.noKeySetOptimization: false
[DEBUG] -Dio.netty.selectorAutoRebuildThreshold: 512
[DEBUG] -Dio.netty.allocator.numHeapArenas: 16
[DEBUG] -Dio.netty.allocator.numDirectArenas: 16
[DEBUG] -Dio.netty.allocator.pageSize: 8192
[DEBUG] -Dio.netty.allocator.maxOrder: 9
[DEBUG] -Dio.netty.allocator.chunkSize: 4194304
[DEBUG] -Dio.netty.allocator.smallCacheSize: 256
[DEBUG] -Dio.netty.allocator.normalCacheSize: 64
[DEBUG] -Dio.netty.allocator.maxCachedBufferCapacity: 32768
[DEBUG] -Dio.netty.allocator.cacheTrimInterval: 8192
[DEBUG] -Dio.netty.allocator.cacheTrimIntervalMillis: 0
[DEBUG] -Dio.netty.allocator.useCacheForAllThreads: false
[DEBUG] -Dio.netty.allocator.maxCachedByteBuffersPerChunk: 1023
[DEBUG] -Dio.netty.allocator.type: pooled
[DEBUG] -Dio.netty.threadLocalDirectBufferSize: 0
[DEBUG] -Dio.netty.maxThreadLocalCharBufferSize: 16384
[DEBUG] -Dio.netty.processId: 16616 (auto-detected)
[DEBUG] -Djava.net.preferIPv4Stack: false
[DEBUG] -Djava.net.preferIPv6Addresses: false
[DEBUG] Loopback interface: lo (Software Loopback Interface 1, 127.0.0.1)
[DEBUG] Failed to get SOMAXCONN from sysctl and file \proc\sys\net\core\somaxconn. Default: 200
[DEBUG] -Dio.netty.machineId: c4:23:60:ff:fe:d9:b4:26 (auto-detected)
[DEBUG] -Dio.netty.buffer.checkAccessible: true
[DEBUG] -Dio.netty.buffer.checkBounds: true
[DEBUG] Loaded default ResourceLeakDetector: io.netty.util.ResourceLeakDetector@249948ac
[DEBUG] Using new Channel '[id: 0xd065d6d5, L:/127.0.0.1:64096 - R:localhost/127.0.0.1:25939]' for 'POST' to '/session'
[DEBUG] -Dio.netty.recycler.maxCapacityPerThread: 4096
[DEBUG] -Dio.netty.recycler.ratio: 8
[DEBUG] -Dio.netty.recycler.chunkSize: 32
[DEBUG] -Dio.netty.recycler.blocking: false
[DEBUG] brotli4j not in the classpath; Brotli support will be unavailable.
[DEBUG] 

Request DefaultHttpRequest(decodeResult: success, version: HTTP/1.1)
POST /session HTTP/1.1
User-Agent: selenium/4.6.0 (java windows)
Content-Length: 1721
Content-Type: application/json; charset=utf-8
host: localhost:25939
accept: */*

Response DefaultHttpResponse(decodeResult: success, version: HTTP/1.1)
HTTP/1.1 200 OK
Content-Type: application/json; charset=utf-8
cache-control: no-cache
content-length: 870

[DEBUG] Adding key: http://localhost:25939 for channel [id: 0xd065d6d5, L:/127.0.0.1:64096 - R:localhost/127.0.0.1:25939]
[DEBUG] Entry count for : http://localhost:25939 : 1
[DEBUG] Using new Channel '[id: 0x620c7756, L:/127.0.0.1:64106 - R:localhost/127.0.0.1:64097]' for 'GET' to '/json/version'
[DEBUG] 

Request DefaultFullHttpRequest(decodeResult: success, version: HTTP/1.1, content: EmptyByteBufBE)
GET /json/version HTTP/1.1
User-Agent: selenium/4.6.0 (java windows)
host: localhost:64097
accept: */*

Response DefaultHttpResponse(decodeResult: success, version: HTTP/1.1)
HTTP/1.1 200 OK
Content-Security-Policy: frame-ancestors 'none'
Content-Type: application/json; charset=UTF-8
content-length: 423

[DEBUG] Adding key: http://localhost:64097 for channel [id: 0x620c7756, L:/127.0.0.1:64106 - R:localhost/127.0.0.1:64097]
[DEBUG] -Dio.netty.initialSeedUniquifier: 0xdbfa44a9439103c5
[DEBUG] Using new Channel '[id: 0xbae8b12b, L:/127.0.0.1:64107 - R:localhost/127.0.0.1:64097]' for 'GET' to '/devtools/browser/74bfca86-715c-49ad-ba46-95f4d2e0580f'
[DEBUG] 

Request DefaultFullHttpRequest(decodeResult: success, version: HTTP/1.1, content: EmptyByteBufBE)
GET /devtools/browser/74bfca86-715c-49ad-ba46-95f4d2e0580f HTTP/1.1
upgrade: websocket
connection: upgrade
sec-websocket-key: 82Neo12P0aPcl+uXadNeFg==
sec-websocket-version: 13
origin: http://localhost:64097
host: localhost:64097
accept: */*
user-agent: AHC/2.1

Response DefaultHttpResponse(decodeResult: success, version: HTTP/1.1)
HTTP/1.1 101 WebSocket Protocol Handshake
Upgrade: WebSocket
Connection: Upgrade
Sec-WebSocket-Accept: Cpze1STnFBBn2vXqWBuARovWDYw=

[DEBUG] Using pooled Channel '[id: 0xd065d6d5, L:/127.0.0.1:64096 - R:localhost/127.0.0.1:25939]' for 'POST' to 'http://localhost:25939/session/fcb5a2be405f8e243df2329836877c55/window/maximize'
[DEBUG] Using open Channel [id: 0xd065d6d5, L:/127.0.0.1:64096 - R:localhost/127.0.0.1:25939] for POST '/session/fcb5a2be405f8e243df2329836877c55/window/maximize'
[DEBUG] 

Request DefaultHttpRequest(decodeResult: success, version: HTTP/1.1)
POST /session/fcb5a2be405f8e243df2329836877c55/window/maximize HTTP/1.1
User-Agent: selenium/4.6.0 (java windows)
Content-Length: 3
Content-Type: application/json; charset=utf-8
host: localhost:25939
accept: */*

Response DefaultHttpResponse(decodeResult: success, version: HTTP/1.1)
HTTP/1.1 200 OK
Content-Type: application/json; charset=utf-8
cache-control: no-cache
content-length: 51

[DEBUG] Adding key: http://localhost:25939 for channel [id: 0xd065d6d5, L:/127.0.0.1:64096 - R:localhost/127.0.0.1:25939]
Browser Launched
[DEBUG] Entry count for : http://localhost:64097 : 1
[DEBUG] Entry count for : http://localhost:25939 : 1
[DEBUG] Entry count for : http://localhost:64097 : 1
[DEBUG] Entry count for : http://localhost:25939 : 1
[DEBUG] Using pooled Channel '[id: 0xd065d6d5, L:/127.0.0.1:64096 - R:localhost/127.0.0.1:25939]' for 'POST' to 'http://localhost:25939/session/fcb5a2be405f8e243df2329836877c55/url'
[DEBUG] Using open Channel [id: 0xd065d6d5, L:/127.0.0.1:64096 - R:localhost/127.0.0.1:25939] for POST '/session/fcb5a2be405f8e243df2329836877c55/url'
[DEBUG] Entry count for : http://localhost:64097 : 1
[DEBUG] 

Request DefaultHttpRequest(decodeResult: success, version: HTTP/1.1)
POST /session/fcb5a2be405f8e243df2329836877c55/url HTTP/1.1
User-Agent: selenium/4.6.0 (java windows)
Content-Length: 45
Content-Type: application/json; charset=utf-8
host: localhost:25939
accept: */*

Response DefaultHttpResponse(decodeResult: success, version: HTTP/1.1)
HTTP/1.1 200 OK
Content-Type: application/json; charset=utf-8
cache-control: no-cache
content-length: 14

[DEBUG] Adding key: http://localhost:25939 for channel [id: 0xd065d6d5, L:/127.0.0.1:64096 - R:localhost/127.0.0.1:25939]
[DEBUG] Using pooled Channel '[id: 0xd065d6d5, L:/127.0.0.1:64096 - R:localhost/127.0.0.1:25939]' for 'POST' to 'http://localhost:25939/session/fcb5a2be405f8e243df2329836877c55/timeouts'
[DEBUG] Using open Channel [id: 0xd065d6d5, L:/127.0.0.1:64096 - R:localhost/127.0.0.1:25939] for POST '/session/fcb5a2be405f8e243df2329836877c55/timeouts'
[DEBUG] 

Request DefaultHttpRequest(decodeResult: success, version: HTTP/1.1)
POST /session/fcb5a2be405f8e243df2329836877c55/timeouts HTTP/1.1
User-Agent: selenium/4.6.0 (java windows)
Content-Length: 23
Content-Type: application/json; charset=utf-8
host: localhost:25939
accept: */*

Response DefaultHttpResponse(decodeResult: success, version: HTTP/1.1)
HTTP/1.1 200 OK
Content-Type: application/json; charset=utf-8
cache-control: no-cache
content-length: 14

[DEBUG] Adding key: http://localhost:25939 for channel [id: 0xd065d6d5, L:/127.0.0.1:64096 - R:localhost/127.0.0.1:25939]
[INFO] SkyNews Displayed.............
[DEBUG] Using pooled Channel '[id: 0xd065d6d5, L:/127.0.0.1:64096 - R:localhost/127.0.0.1:25939]' for 'GET' to 'http://localhost:25939/session/fcb5a2be405f8e243df2329836877c55/screenshot'
[DEBUG] Using open Channel [id: 0xd065d6d5, L:/127.0.0.1:64096 - R:localhost/127.0.0.1:25939] for GET '/session/fcb5a2be405f8e243df2329836877c55/screenshot'
[DEBUG] Entry count for : http://localhost:64097 : 1
[DEBUG] Entry count for : http://localhost:64097 : 1
[DEBUG] Entry count for : http://localhost:64097 : 1
[DEBUG] 

Request DefaultFullHttpRequest(decodeResult: success, version: HTTP/1.1, content: EmptyByteBufBE)
GET /session/fcb5a2be405f8e243df2329836877c55/screenshot HTTP/1.1
User-Agent: selenium/4.6.0 (java windows)
Cache-Control: no-cache
Content-Type: application/json; charset=utf-8
host: localhost:25939
accept: */*

Response DefaultHttpResponse(decodeResult: success, version: HTTP/1.1)
HTTP/1.1 200 OK
Content-Type: application/json; charset=utf-8
cache-control: no-cache
content-length: 1237700

[DEBUG] Adding key: http://localhost:25939 for channel [id: 0xd065d6d5, L:/127.0.0.1:64096 - R:localhost/127.0.0.1:25939]
[DEBUG] Using pooled Channel '[id: 0xd065d6d5, L:/127.0.0.1:64096 - R:localhost/127.0.0.1:25939]' for 'POST' to 'http://localhost:25939/session/fcb5a2be405f8e243df2329836877c55/elements'
[DEBUG] Using open Channel [id: 0xd065d6d5, L:/127.0.0.1:64096 - R:localhost/127.0.0.1:25939] for POST '/session/fcb5a2be405f8e243df2329836877c55/elements'
[DEBUG] Entry count for : http://localhost:64097 : 1
[DEBUG] Entry count for : http://localhost:64097 : 1
[DEBUG] Entry count for : http://localhost:64097 : 1
[DEBUG] Entry count for : http://localhost:64097 : 1
[DEBUG] Entry count for : http://localhost:64097 : 1
[DEBUG] Entry count for : http://localhost:64097 : 1
[DEBUG] Entry count for : http://localhost:64097 : 1
[DEBUG] Entry count for : http://localhost:64097 : 1
[DEBUG] Entry count for : http://localhost:64097 : 1
[DEBUG] 

Request DefaultHttpRequest(decodeResult: success, version: HTTP/1.1)
POST /session/fcb5a2be405f8e243df2329836877c55/elements HTTP/1.1
User-Agent: selenium/4.6.0 (java windows)
Content-Length: 122
Content-Type: application/json; charset=utf-8
host: localhost:25939
accept: */*

Response DefaultHttpResponse(decodeResult: success, version: HTTP/1.1)
HTTP/1.1 200 OK
Content-Type: application/json; charset=utf-8
cache-control: no-cache
content-length: 12

[DEBUG] Adding key: http://localhost:25939 for channel [id: 0xd065d6d5, L:/127.0.0.1:64096 - R:localhost/127.0.0.1:25939]
[DEBUG] Using pooled Channel '[id: 0xd065d6d5, L:/127.0.0.1:64096 - R:localhost/127.0.0.1:25939]' for 'POST' to 'http://localhost:25939/session/fcb5a2be405f8e243df2329836877c55/elements'
[DEBUG] Using open Channel [id: 0xd065d6d5, L:/127.0.0.1:64096 - R:localhost/127.0.0.1:25939] for POST '/session/fcb5a2be405f8e243df2329836877c55/elements'
[DEBUG] 

Request DefaultHttpRequest(decodeResult: success, version: HTTP/1.1)
POST /session/fcb5a2be405f8e243df2329836877c55/elements HTTP/1.1
User-Agent: selenium/4.6.0 (java windows)
Content-Length: 106
Content-Type: application/json; charset=utf-8
host: localhost:25939
accept: */*

Response DefaultHttpResponse(decodeResult: success, version: HTTP/1.1)
HTTP/1.1 200 OK
Content-Type: application/json; charset=utf-8
cache-control: no-cache
content-length: 97

[DEBUG] Adding key: http://localhost:25939 for channel [id: 0xd065d6d5, L:/127.0.0.1:64096 - R:localhost/127.0.0.1:25939]
[DEBUG] Using pooled Channel '[id: 0xd065d6d5, L:/127.0.0.1:64096 - R:localhost/127.0.0.1:25939]' for 'POST' to 'http://localhost:25939/session/fcb5a2be405f8e243df2329836877c55/frame'
[DEBUG] Using open Channel [id: 0xd065d6d5, L:/127.0.0.1:64096 - R:localhost/127.0.0.1:25939] for POST '/session/fcb5a2be405f8e243df2329836877c55/frame'
[DEBUG] 

Request DefaultHttpRequest(decodeResult: success, version: HTTP/1.1)
POST /session/fcb5a2be405f8e243df2329836877c55/frame HTTP/1.1
User-Agent: selenium/4.6.0 (java windows)
Content-Length: 168
Content-Type: application/json; charset=utf-8
host: localhost:25939
accept: */*

Response DefaultHttpResponse(decodeResult: success, version: HTTP/1.1)
HTTP/1.1 200 OK
Content-Type: application/json; charset=utf-8
cache-control: no-cache
content-length: 14

[DEBUG] Adding key: http://localhost:25939 for channel [id: 0xd065d6d5, L:/127.0.0.1:64096 - R:localhost/127.0.0.1:25939]
[DEBUG] Using pooled Channel '[id: 0xd065d6d5, L:/127.0.0.1:64096 - R:localhost/127.0.0.1:25939]' for 'POST' to 'http://localhost:25939/session/fcb5a2be405f8e243df2329836877c55/element'
[DEBUG] Using open Channel [id: 0xd065d6d5, L:/127.0.0.1:64096 - R:localhost/127.0.0.1:25939] for POST '/session/fcb5a2be405f8e243df2329836877c55/element'
[DEBUG] 

Request DefaultHttpRequest(decodeResult: success, version: HTTP/1.1)
POST /session/fcb5a2be405f8e243df2329836877c55/element HTTP/1.1
User-Agent: selenium/4.6.0 (java windows)
Content-Length: 88
Content-Type: application/json; charset=utf-8
host: localhost:25939
accept: */*

Response DefaultHttpResponse(decodeResult: success, version: HTTP/1.1)
HTTP/1.1 200 OK
Content-Type: application/json; charset=utf-8
cache-control: no-cache
content-length: 95

[DEBUG] Adding key: http://localhost:25939 for channel [id: 0xd065d6d5, L:/127.0.0.1:64096 - R:localhost/127.0.0.1:25939]
[DEBUG] Using pooled Channel '[id: 0xd065d6d5, L:/127.0.0.1:64096 - R:localhost/127.0.0.1:25939]' for 'POST' to 'http://localhost:25939/session/fcb5a2be405f8e243df2329836877c55/element/8CCE0553B7A237250593BCA8879FCBC7_element_16/click'
[DEBUG] Using open Channel [id: 0xd065d6d5, L:/127.0.0.1:64096 - R:localhost/127.0.0.1:25939] for POST '/session/fcb5a2be405f8e243df2329836877c55/element/8CCE0553B7A237250593BCA8879FCBC7_element_16/click'
[DEBUG] Entry count for : http://localhost:64097 : 1
[DEBUG] 

Request DefaultHttpRequest(decodeResult: success, version: HTTP/1.1)
POST /session/fcb5a2be405f8e243df2329836877c55/element/8CCE0553B7A237250593BCA8879FCBC7_element_16/click HTTP/1.1
User-Agent: selenium/4.6.0 (java windows)
Content-Length: 57
Content-Type: application/json; charset=utf-8
host: localhost:25939
accept: */*

Response DefaultHttpResponse(decodeResult: success, version: HTTP/1.1)
HTTP/1.1 200 OK
Content-Type: application/json; charset=utf-8
cache-control: no-cache
content-length: 14

[DEBUG] Adding key: http://localhost:25939 for channel [id: 0xd065d6d5, L:/127.0.0.1:64096 - R:localhost/127.0.0.1:25939]
  When I navigate to Sky News Website home page                                                                              # stepdefinitions.Steps.loadHomePage()
[DEBUG] Using pooled Channel '[id: 0xd065d6d5, L:/127.0.0.1:64096 - R:localhost/127.0.0.1:25939]' for 'GET' to 'http://localhost:25939/session/fcb5a2be405f8e243df2329836877c55/title'
[DEBUG] Using open Channel [id: 0xd065d6d5, L:/127.0.0.1:64096 - R:localhost/127.0.0.1:25939] for GET '/session/fcb5a2be405f8e243df2329836877c55/title'
[DEBUG] 

Request DefaultFullHttpRequest(decodeResult: success, version: HTTP/1.1, content: EmptyByteBufBE)
GET /session/fcb5a2be405f8e243df2329836877c55/title HTTP/1.1
User-Agent: selenium/4.6.0 (java windows)
Cache-Control: no-cache
Content-Type: application/json; charset=utf-8
host: localhost:25939
accept: */*

Response DefaultHttpResponse(decodeResult: success, version: HTTP/1.1)
HTTP/1.1 200 OK
Content-Type: application/json; charset=utf-8
cache-control: no-cache
content-length: 71

[DEBUG] Adding key: http://localhost:25939 for channel [id: 0xd065d6d5, L:/127.0.0.1:64096 - R:localhost/127.0.0.1:25939]
[INFO] Title Latest News from the UK and Around the World | Sky News displayed
[DEBUG] Channel Closed: [id: 0xbae8b12b, L:/127.0.0.1:64107 ! R:localhost/127.0.0.1:64097] with attribute NettyResponseFuture{currentRetry=0,
	isDone=1,
	isCancelled=0,
	asyncHandler=org.asynchttpclient.ws.WebSocketUpgradeHandler@2b412048,
	nettyRequest=org.asynchttpclient.netty.request.NettyRequest@770469cb,
	future=java.util.concurrent.CompletableFuture@775b4c8b[Completed normally],
	uri=ws://localhost:64097/devtools/browser/74bfca86-715c-49ad-ba46-95f4d2e0580f,
	keepAlive=true,
	redirectCount=0,
	timeoutsHolder=null,
	inAuth=0,
	touch=1698330448843}
[DEBUG] Closing Channel [id: 0xbae8b12b, L:/127.0.0.1:64107 ! R:localhost/127.0.0.1:64097] 
[DEBUG] Using pooled Channel '[id: 0xd065d6d5, L:/127.0.0.1:64096 - R:localhost/127.0.0.1:25939]' for 'DELETE' to 'http://localhost:25939/session/fcb5a2be405f8e243df2329836877c55'
[DEBUG] Using open Channel [id: 0xd065d6d5, L:/127.0.0.1:64096 - R:localhost/127.0.0.1:25939] for DELETE '/session/fcb5a2be405f8e243df2329836877c55'
[DEBUG] Entry count for : http://localhost:64097 : 1
[DEBUG] Unexpected I/O exception on channel [id: 0x620c7756, L:/127.0.0.1:64106 - R:localhost/127.0.0.1:64097]
java.io.IOException: An existing connection was forcibly closed by the remote host
	at java.base/sun.nio.ch.SocketDispatcher.read0(Native Method) ~[na:na]
	at java.base/sun.nio.ch.SocketDispatcher.read(SocketDispatcher.java:43) ~[na:na]
	at java.base/sun.nio.ch.IOUtil.readIntoNativeBuffer(IOUtil.java:276) ~[na:na]
	at java.base/sun.nio.ch.IOUtil.read(IOUtil.java:233) ~[na:na]
	at java.base/sun.nio.ch.IOUtil.read(IOUtil.java:223) ~[na:na]
	at java.base/sun.nio.ch.SocketChannelImpl.read(SocketChannelImpl.java:358) ~[na:na]
	at io.netty.buffer.PooledByteBuf.setBytes(PooledByteBuf.java:259) ~[netty-buffer-4.1.84.Final.jar:4.1.84.Final]
	at io.netty.buffer.AbstractByteBuf.writeBytes(AbstractByteBuf.java:1132) ~[netty-buffer-4.1.84.Final.jar:4.1.84.Final]
	at io.netty.channel.socket.nio.NioSocketChannel.doReadBytes(NioSocketChannel.java:357) ~[netty-transport-4.1.84.Final.jar:4.1.84.Final]
	at io.netty.channel.nio.AbstractNioByteChannel$NioByteUnsafe.read(AbstractNioByteChannel.java:151) ~[netty-transport-4.1.84.Final.jar:4.1.84.Final]
	at io.netty.channel.nio.NioEventLoop.processSelectedKey(NioEventLoop.java:788) ~[netty-transport-4.1.84.Final.jar:4.1.84.Final]
	at io.netty.channel.nio.NioEventLoop.processSelectedKeysOptimized(NioEventLoop.java:724) ~[netty-transport-4.1.84.Final.jar:4.1.84.Final]
	at io.netty.channel.nio.NioEventLoop.processSelectedKeys(NioEventLoop.java:650) ~[netty-transport-4.1.84.Final.jar:4.1.84.Final]
	at io.netty.channel.nio.NioEventLoop.run(NioEventLoop.java:562) ~[netty-transport-4.1.84.Final.jar:4.1.84.Final]
	at io.netty.util.concurrent.SingleThreadEventExecutor$4.run(SingleThreadEventExecutor.java:997) ~[netty-common-4.1.84.Final.jar:4.1.84.Final]
	at io.netty.util.internal.ThreadExecutorMap$2.run(ThreadExecutorMap.java:74) ~[netty-common-4.1.84.Final.jar:4.1.84.Final]
	at io.netty.util.concurrent.FastThreadLocalRunnable.run(FastThreadLocalRunnable.java:30) ~[netty-common-4.1.84.Final.jar:4.1.84.Final]
	at java.base/java.lang.Thread.run(Thread.java:834) ~[na:na]
[DEBUG] Closing Channel [id: 0x620c7756, L:/127.0.0.1:64106 - R:localhost/127.0.0.1:64097] 
[DEBUG] Channel Closed: [id: 0x620c7756, L:/127.0.0.1:64106 ! R:localhost/127.0.0.1:64097] with attribute DISCARD
[DEBUG] 

Request DefaultFullHttpRequest(decodeResult: success, version: HTTP/1.1, content: EmptyByteBufBE)
DELETE /session/fcb5a2be405f8e243df2329836877c55 HTTP/1.1
User-Agent: selenium/4.6.0 (java windows)
Content-Type: application/json; charset=utf-8
host: localhost:25939
accept: */*

Response DefaultHttpResponse(decodeResult: success, version: HTTP/1.1)
HTTP/1.1 200 OK
Content-Type: application/json; charset=utf-8
cache-control: no-cache
content-length: 14

[DEBUG] Adding key: http://localhost:25939 for channel [id: 0xd065d6d5, L:/127.0.0.1:64096 - R:localhost/127.0.0.1:25939]
[DEBUG] Entry count for : http://localhost:64097 : 1
[DEBUG] Entry count for : http://localhost:25939 : 1
[DEBUG] Adding Candidate expired Channel [id: 0x620c7756, L:/127.0.0.1:64106 ! R:localhost/127.0.0.1:64097] isIdleTimeoutExpired=false isRemotelyClosed=true isTtlExpired=false
[DEBUG] Closing Idle Channel [id: 0x620c7756, L:/127.0.0.1:64106 ! R:localhost/127.0.0.1:64097]
[DEBUG] Closed 1 connections out of 2 in 3 ms
[DEBUG] Channel Closed: [id: 0xd065d6d5, L:/127.0.0.1:64096 ! R:localhost/127.0.0.1:25939] with attribute DISCARD
  Then I should see the descriptive title "Latest News from the UK and Around the World | Sky News" displayed in browser tab # stepdefinitions.Steps.verifyHomePageTitle(java.lang.String)
]]></system-out>
    <system-err><![CDATA[Oct 26, 2023 3:27:23 PM org.openqa.selenium.remote.RemoteWebDriver checkNonW3CCapabilities
WARNING: Support for Legacy Capabilities is deprecated; You are sending the following invalid capabilities: [unexpectedAlertBehaviour]; Please update to W3C Syntax: https://www.selenium.dev/blog/2022/legacy-protocol-support/
Starting ChromeDriver 118.0.5993.70 (e52f33f30b91b4ddfad649acddc39ab570473b86-refs/branch-heads/5993@{#1216}) on port 25939
Only local connections are allowed.
Please see https://chromedriver.chromium.org/security-considerations for suggestions on keeping ChromeDriver safe.
ChromeDriver was started successfully.
Oct 26, 2023 3:27:28 PM org.openqa.selenium.remote.ProtocolHandshake createSession
WARNING: Support for Legacy Capabilities is deprecated; You are sending the following invalid capabilities: [unexpectedAlertBehaviour]; Please update to W3C Syntax: https://www.selenium.dev/blog/2022/legacy-protocol-support/
Oct 26, 2023 3:27:28 PM org.openqa.selenium.devtools.CdpVersionFinder findNearestMatch
WARNING: Unable to find CDP implementation matching 118
Oct 26, 2023 3:27:28 PM org.openqa.selenium.chromium.ChromiumDriver lambda$new$3
WARNING: Unable to find version of CDP to use for . You may need to include a dependency on a specific version of the CDP using something similar to `org.seleniumhq.selenium:selenium-devtools-v86:4.6.0` where the version ("v86") matches the version of the chromium-based browser you're using and the version number of the artifact is the same as Selenium's.
]]></system-err>
  </testcase>
  <testcase name="Verify the number of categories displayed and their names. #1" classname="Sky News website tests" time="32.3">
    <system-out><![CDATA[
Scenario Outline: Verify the number of categories displayed and their names. # src/test/resources/features/skyNews.feature:14
[DEBUG] Using WebDriverManager 5.5.3
[DEBUG] Resolution chrome=118 in cache (valid until 15:31:30 26/10/2023 BST)
[DEBUG] Resolution chrome118=118.0.5993.70 in cache (valid until 22:39:57 26/10/2023 BST)
[INFO] Using chromedriver 118.0.5993.70 (resolved driver for Chrome 118)
[DEBUG] Driver chromedriver 118.0.5993.70 found in cache
[INFO] Exporting webdriver.chrome.driver as C:\Users\sindh\.cache\selenium\chromedriver\win64\118.0.5993.70\chromedriver.exe
[DEBUG] Using new Channel '[id: 0x2e9b35af, L:/127.0.0.1:64152 - R:localhost/127.0.0.1:23024]' for 'POST' to '/session'
[DEBUG] Entry count for : http://localhost:25939 : 1
[DEBUG] Adding Candidate expired Channel [id: 0xd065d6d5, L:/127.0.0.1:64096 ! R:localhost/127.0.0.1:25939] isIdleTimeoutExpired=false isRemotelyClosed=true isTtlExpired=false
[DEBUG] Closing Idle Channel [id: 0xd065d6d5, L:/127.0.0.1:64096 ! R:localhost/127.0.0.1:25939]
[DEBUG] Closed 1 connections out of 1 in 1 ms
[DEBUG] 

Request DefaultHttpRequest(decodeResult: success, version: HTTP/1.1)
POST /session HTTP/1.1
User-Agent: selenium/4.6.0 (java windows)
Content-Length: 1721
Content-Type: application/json; charset=utf-8
host: localhost:23024
accept: */*

Response DefaultHttpResponse(decodeResult: success, version: HTTP/1.1)
HTTP/1.1 200 OK
Content-Type: application/json; charset=utf-8
cache-control: no-cache
content-length: 870

[DEBUG] Adding key: http://localhost:23024 for channel [id: 0x2e9b35af, L:/127.0.0.1:64152 - R:localhost/127.0.0.1:23024]
[DEBUG] Using new Channel '[id: 0xc3866010, L:/127.0.0.1:64161 - R:localhost/127.0.0.1:64153]' for 'GET' to '/json/version'
[DEBUG] 

Request DefaultFullHttpRequest(decodeResult: success, version: HTTP/1.1, content: EmptyByteBufBE)
GET /json/version HTTP/1.1
User-Agent: selenium/4.6.0 (java windows)
host: localhost:64153
accept: */*

Response DefaultHttpResponse(decodeResult: success, version: HTTP/1.1)
HTTP/1.1 200 OK
Content-Security-Policy: frame-ancestors 'none'
Content-Type: application/json; charset=UTF-8
content-length: 423

[DEBUG] Adding key: http://localhost:64153 for channel [id: 0xc3866010, L:/127.0.0.1:64161 - R:localhost/127.0.0.1:64153]
[DEBUG] Using new Channel '[id: 0xff9c47dd, L:/127.0.0.1:64162 - R:localhost/127.0.0.1:64153]' for 'GET' to '/devtools/browser/d5553500-9856-479a-a8fb-4324a3cb7af5'
[DEBUG] 

Request DefaultFullHttpRequest(decodeResult: success, version: HTTP/1.1, content: EmptyByteBufBE)
GET /devtools/browser/d5553500-9856-479a-a8fb-4324a3cb7af5 HTTP/1.1
upgrade: websocket
connection: upgrade
sec-websocket-key: EMw6T7GhYc8S1SfB98mD2w==
sec-websocket-version: 13
origin: http://localhost:64153
host: localhost:64153
accept: */*
user-agent: AHC/2.1

Response DefaultHttpResponse(decodeResult: success, version: HTTP/1.1)
HTTP/1.1 101 WebSocket Protocol Handshake
Upgrade: WebSocket
Connection: Upgrade
Sec-WebSocket-Accept: QEisBBoAPDcZgT20O5+kfb6S/Ns=

[DEBUG] Using pooled Channel '[id: 0x2e9b35af, L:/127.0.0.1:64152 - R:localhost/127.0.0.1:23024]' for 'POST' to 'http://localhost:23024/session/0fa7f3e65c747f86716415108c1c9579/window/maximize'
[DEBUG] Using open Channel [id: 0x2e9b35af, L:/127.0.0.1:64152 - R:localhost/127.0.0.1:23024] for POST '/session/0fa7f3e65c747f86716415108c1c9579/window/maximize'
[DEBUG] Entry count for : http://localhost:64153 : 1
[DEBUG] 

Request DefaultHttpRequest(decodeResult: success, version: HTTP/1.1)
POST /session/0fa7f3e65c747f86716415108c1c9579/window/maximize HTTP/1.1
User-Agent: selenium/4.6.0 (java windows)
Content-Length: 3
Content-Type: application/json; charset=utf-8
host: localhost:23024
accept: */*

Response DefaultHttpResponse(decodeResult: success, version: HTTP/1.1)
HTTP/1.1 200 OK
Content-Type: application/json; charset=utf-8
cache-control: no-cache
content-length: 51

[DEBUG] Adding key: http://localhost:23024 for channel [id: 0x2e9b35af, L:/127.0.0.1:64152 - R:localhost/127.0.0.1:23024]
Browser Launched
[DEBUG] Using pooled Channel '[id: 0x2e9b35af, L:/127.0.0.1:64152 - R:localhost/127.0.0.1:23024]' for 'POST' to 'http://localhost:23024/session/0fa7f3e65c747f86716415108c1c9579/url'
[DEBUG] Using open Channel [id: 0x2e9b35af, L:/127.0.0.1:64152 - R:localhost/127.0.0.1:23024] for POST '/session/0fa7f3e65c747f86716415108c1c9579/url'
[DEBUG] Entry count for : http://localhost:64153 : 1
[DEBUG] Entry count for : http://localhost:64153 : 1
[DEBUG] Entry count for : http://localhost:64153 : 1
[DEBUG] 

Request DefaultHttpRequest(decodeResult: success, version: HTTP/1.1)
POST /session/0fa7f3e65c747f86716415108c1c9579/url HTTP/1.1
User-Agent: selenium/4.6.0 (java windows)
Content-Length: 45
Content-Type: application/json; charset=utf-8
host: localhost:23024
accept: */*

Response DefaultHttpResponse(decodeResult: success, version: HTTP/1.1)
HTTP/1.1 200 OK
Content-Type: application/json; charset=utf-8
cache-control: no-cache
content-length: 14

[DEBUG] Adding key: http://localhost:23024 for channel [id: 0x2e9b35af, L:/127.0.0.1:64152 - R:localhost/127.0.0.1:23024]
[DEBUG] Using pooled Channel '[id: 0x2e9b35af, L:/127.0.0.1:64152 - R:localhost/127.0.0.1:23024]' for 'POST' to 'http://localhost:23024/session/0fa7f3e65c747f86716415108c1c9579/timeouts'
[DEBUG] Using open Channel [id: 0x2e9b35af, L:/127.0.0.1:64152 - R:localhost/127.0.0.1:23024] for POST '/session/0fa7f3e65c747f86716415108c1c9579/timeouts'
[DEBUG] 

Request DefaultHttpRequest(decodeResult: success, version: HTTP/1.1)
POST /session/0fa7f3e65c747f86716415108c1c9579/timeouts HTTP/1.1
User-Agent: selenium/4.6.0 (java windows)
Content-Length: 23
Content-Type: application/json; charset=utf-8
host: localhost:23024
accept: */*

Response DefaultHttpResponse(decodeResult: success, version: HTTP/1.1)
HTTP/1.1 200 OK
Content-Type: application/json; charset=utf-8
cache-control: no-cache
content-length: 14

[DEBUG] Adding key: http://localhost:23024 for channel [id: 0x2e9b35af, L:/127.0.0.1:64152 - R:localhost/127.0.0.1:23024]
[INFO] SkyNews Displayed.............
[DEBUG] Using pooled Channel '[id: 0x2e9b35af, L:/127.0.0.1:64152 - R:localhost/127.0.0.1:23024]' for 'GET' to 'http://localhost:23024/session/0fa7f3e65c747f86716415108c1c9579/screenshot'
[DEBUG] Using open Channel [id: 0x2e9b35af, L:/127.0.0.1:64152 - R:localhost/127.0.0.1:23024] for GET '/session/0fa7f3e65c747f86716415108c1c9579/screenshot'
[DEBUG] Entry count for : http://localhost:64153 : 1
[DEBUG] Entry count for : http://localhost:64153 : 1
[DEBUG] Entry count for : http://localhost:64153 : 1
[DEBUG] 

Request DefaultFullHttpRequest(decodeResult: success, version: HTTP/1.1, content: EmptyByteBufBE)
GET /session/0fa7f3e65c747f86716415108c1c9579/screenshot HTTP/1.1
User-Agent: selenium/4.6.0 (java windows)
Cache-Control: no-cache
Content-Type: application/json; charset=utf-8
host: localhost:23024
accept: */*

Response DefaultHttpResponse(decodeResult: success, version: HTTP/1.1)
HTTP/1.1 200 OK
Content-Type: application/json; charset=utf-8
cache-control: no-cache
content-length: 1232468

[DEBUG] Adding key: http://localhost:23024 for channel [id: 0x2e9b35af, L:/127.0.0.1:64152 - R:localhost/127.0.0.1:23024]
[DEBUG] Using pooled Channel '[id: 0x2e9b35af, L:/127.0.0.1:64152 - R:localhost/127.0.0.1:23024]' for 'POST' to 'http://localhost:23024/session/0fa7f3e65c747f86716415108c1c9579/elements'
[DEBUG] Using open Channel [id: 0x2e9b35af, L:/127.0.0.1:64152 - R:localhost/127.0.0.1:23024] for POST '/session/0fa7f3e65c747f86716415108c1c9579/elements'
[DEBUG] Entry count for : http://localhost:64153 : 1
[DEBUG] Entry count for : http://localhost:64153 : 1
[DEBUG] Entry count for : http://localhost:64153 : 1
[DEBUG] Entry count for : http://localhost:64153 : 1
[DEBUG] Entry count for : http://localhost:64153 : 1
[DEBUG] Entry count for : http://localhost:64153 : 1
[DEBUG] Entry count for : http://localhost:64153 : 1
[DEBUG] Entry count for : http://localhost:64153 : 1
[DEBUG] Entry count for : http://localhost:64153 : 1
[DEBUG] 

Request DefaultHttpRequest(decodeResult: success, version: HTTP/1.1)
POST /session/0fa7f3e65c747f86716415108c1c9579/elements HTTP/1.1
User-Agent: selenium/4.6.0 (java windows)
Content-Length: 122
Content-Type: application/json; charset=utf-8
host: localhost:23024
accept: */*

Response DefaultHttpResponse(decodeResult: success, version: HTTP/1.1)
HTTP/1.1 200 OK
Content-Type: application/json; charset=utf-8
cache-control: no-cache
content-length: 12

[DEBUG] Adding key: http://localhost:23024 for channel [id: 0x2e9b35af, L:/127.0.0.1:64152 - R:localhost/127.0.0.1:23024]
[DEBUG] Using pooled Channel '[id: 0x2e9b35af, L:/127.0.0.1:64152 - R:localhost/127.0.0.1:23024]' for 'POST' to 'http://localhost:23024/session/0fa7f3e65c747f86716415108c1c9579/elements'
[DEBUG] Using open Channel [id: 0x2e9b35af, L:/127.0.0.1:64152 - R:localhost/127.0.0.1:23024] for POST '/session/0fa7f3e65c747f86716415108c1c9579/elements'
[DEBUG] 

Request DefaultHttpRequest(decodeResult: success, version: HTTP/1.1)
POST /session/0fa7f3e65c747f86716415108c1c9579/elements HTTP/1.1
User-Agent: selenium/4.6.0 (java windows)
Content-Length: 106
Content-Type: application/json; charset=utf-8
host: localhost:23024
accept: */*

Response DefaultHttpResponse(decodeResult: success, version: HTTP/1.1)
HTTP/1.1 200 OK
Content-Type: application/json; charset=utf-8
cache-control: no-cache
content-length: 97

[DEBUG] Adding key: http://localhost:23024 for channel [id: 0x2e9b35af, L:/127.0.0.1:64152 - R:localhost/127.0.0.1:23024]
[DEBUG] Using pooled Channel '[id: 0x2e9b35af, L:/127.0.0.1:64152 - R:localhost/127.0.0.1:23024]' for 'POST' to 'http://localhost:23024/session/0fa7f3e65c747f86716415108c1c9579/frame'
[DEBUG] Using open Channel [id: 0x2e9b35af, L:/127.0.0.1:64152 - R:localhost/127.0.0.1:23024] for POST '/session/0fa7f3e65c747f86716415108c1c9579/frame'
[DEBUG] Entry count for : http://localhost:64153 : 1
[DEBUG] 

Request DefaultHttpRequest(decodeResult: success, version: HTTP/1.1)
POST /session/0fa7f3e65c747f86716415108c1c9579/frame HTTP/1.1
User-Agent: selenium/4.6.0 (java windows)
Content-Length: 168
Content-Type: application/json; charset=utf-8
host: localhost:23024
accept: */*

Response DefaultHttpResponse(decodeResult: success, version: HTTP/1.1)
HTTP/1.1 200 OK
Content-Type: application/json; charset=utf-8
cache-control: no-cache
content-length: 14

[DEBUG] Adding key: http://localhost:23024 for channel [id: 0x2e9b35af, L:/127.0.0.1:64152 - R:localhost/127.0.0.1:23024]
[DEBUG] Using pooled Channel '[id: 0x2e9b35af, L:/127.0.0.1:64152 - R:localhost/127.0.0.1:23024]' for 'POST' to 'http://localhost:23024/session/0fa7f3e65c747f86716415108c1c9579/element'
[DEBUG] Using open Channel [id: 0x2e9b35af, L:/127.0.0.1:64152 - R:localhost/127.0.0.1:23024] for POST '/session/0fa7f3e65c747f86716415108c1c9579/element'
[DEBUG] 

Request DefaultHttpRequest(decodeResult: success, version: HTTP/1.1)
POST /session/0fa7f3e65c747f86716415108c1c9579/element HTTP/1.1
User-Agent: selenium/4.6.0 (java windows)
Content-Length: 88
Content-Type: application/json; charset=utf-8
host: localhost:23024
accept: */*

Response DefaultHttpResponse(decodeResult: success, version: HTTP/1.1)
HTTP/1.1 200 OK
Content-Type: application/json; charset=utf-8
cache-control: no-cache
content-length: 94

[DEBUG] Adding key: http://localhost:23024 for channel [id: 0x2e9b35af, L:/127.0.0.1:64152 - R:localhost/127.0.0.1:23024]
[DEBUG] Using pooled Channel '[id: 0x2e9b35af, L:/127.0.0.1:64152 - R:localhost/127.0.0.1:23024]' for 'POST' to 'http://localhost:23024/session/0fa7f3e65c747f86716415108c1c9579/element/9B26AC40BE229E4EB80F975D2DA7423E_element_2/click'
[DEBUG] Using open Channel [id: 0x2e9b35af, L:/127.0.0.1:64152 - R:localhost/127.0.0.1:23024] for POST '/session/0fa7f3e65c747f86716415108c1c9579/element/9B26AC40BE229E4EB80F975D2DA7423E_element_2/click'
[DEBUG] 

Request DefaultHttpRequest(decodeResult: success, version: HTTP/1.1)
POST /session/0fa7f3e65c747f86716415108c1c9579/element/9B26AC40BE229E4EB80F975D2DA7423E_element_2/click HTTP/1.1
User-Agent: selenium/4.6.0 (java windows)
Content-Length: 56
Content-Type: application/json; charset=utf-8
host: localhost:23024
accept: */*

Response DefaultHttpResponse(decodeResult: success, version: HTTP/1.1)
HTTP/1.1 200 OK
Content-Type: application/json; charset=utf-8
cache-control: no-cache
content-length: 14

[DEBUG] Adding key: http://localhost:23024 for channel [id: 0x2e9b35af, L:/127.0.0.1:64152 - R:localhost/127.0.0.1:23024]
[DEBUG] Entry count for : http://localhost:64153 : 1
[DEBUG] Entry count for : http://localhost:23024 : 1
  Given I navigate to Sky News Website home page                             # stepdefinitions.Steps.loadHomePage()
[DEBUG] Using pooled Channel '[id: 0x2e9b35af, L:/127.0.0.1:64152 - R:localhost/127.0.0.1:23024]' for 'POST' to 'http://localhost:23024/session/0fa7f3e65c747f86716415108c1c9579/element'
[DEBUG] Using open Channel [id: 0x2e9b35af, L:/127.0.0.1:64152 - R:localhost/127.0.0.1:23024] for POST '/session/0fa7f3e65c747f86716415108c1c9579/element'
[DEBUG] Entry count for : http://localhost:64153 : 1
[DEBUG] Entry count for : http://localhost:64153 : 1
[DEBUG] 

Request DefaultHttpRequest(decodeResult: success, version: HTTP/1.1)
POST /session/0fa7f3e65c747f86716415108c1c9579/element HTTP/1.1
User-Agent: selenium/4.6.0 (java windows)
Content-Length: 123
Content-Type: application/json; charset=utf-8
host: localhost:23024
accept: */*

Response DefaultHttpResponse(decodeResult: success, version: HTTP/1.1)
HTTP/1.1 200 OK
Content-Type: application/json; charset=utf-8
cache-control: no-cache
content-length: 95

[DEBUG] Adding key: http://localhost:23024 for channel [id: 0x2e9b35af, L:/127.0.0.1:64152 - R:localhost/127.0.0.1:23024]
[DEBUG] Using pooled Channel '[id: 0x2e9b35af, L:/127.0.0.1:64152 - R:localhost/127.0.0.1:23024]' for 'POST' to 'http://localhost:23024/session/0fa7f3e65c747f86716415108c1c9579/element/F12B505405DAC97CDC7E7D2A69F95C54_element_40/click'
[DEBUG] Using open Channel [id: 0x2e9b35af, L:/127.0.0.1:64152 - R:localhost/127.0.0.1:23024] for POST '/session/0fa7f3e65c747f86716415108c1c9579/element/F12B505405DAC97CDC7E7D2A69F95C54_element_40/click'
[DEBUG] Entry count for : http://localhost:64153 : 1
[DEBUG] 

Request DefaultHttpRequest(decodeResult: success, version: HTTP/1.1)
POST /session/0fa7f3e65c747f86716415108c1c9579/element/F12B505405DAC97CDC7E7D2A69F95C54_element_40/click HTTP/1.1
User-Agent: selenium/4.6.0 (java windows)
Content-Length: 57
Content-Type: application/json; charset=utf-8
host: localhost:23024
accept: */*

Response DefaultHttpResponse(decodeResult: success, version: HTTP/1.1)
HTTP/1.1 200 OK
Content-Type: application/json; charset=utf-8
cache-control: no-cache
content-length: 14

[DEBUG] Adding key: http://localhost:23024 for channel [id: 0x2e9b35af, L:/127.0.0.1:64152 - R:localhost/127.0.0.1:23024]
  When I click the "UK" tab                                                  # stepdefinitions.Steps.selectTab(java.lang.String)
[DEBUG] Using pooled Channel '[id: 0x2e9b35af, L:/127.0.0.1:64152 - R:localhost/127.0.0.1:23024]' for 'GET' to 'http://localhost:23024/session/0fa7f3e65c747f86716415108c1c9579/title'
[DEBUG] Using open Channel [id: 0x2e9b35af, L:/127.0.0.1:64152 - R:localhost/127.0.0.1:23024] for GET '/session/0fa7f3e65c747f86716415108c1c9579/title'
[DEBUG] Entry count for : http://localhost:64153 : 1
[DEBUG] 

Request DefaultFullHttpRequest(decodeResult: success, version: HTTP/1.1, content: EmptyByteBufBE)
GET /session/0fa7f3e65c747f86716415108c1c9579/title HTTP/1.1
User-Agent: selenium/4.6.0 (java windows)
Cache-Control: no-cache
Content-Type: application/json; charset=utf-8
host: localhost:23024
accept: */*

Response DefaultHttpResponse(decodeResult: success, version: HTTP/1.1)
HTTP/1.1 200 OK
Content-Type: application/json; charset=utf-8
cache-control: no-cache
content-length: 65

[DEBUG] Adding key: http://localhost:23024 for channel [id: 0x2e9b35af, L:/127.0.0.1:64152 - R:localhost/127.0.0.1:23024]
[DEBUG] Using pooled Channel '[id: 0x2e9b35af, L:/127.0.0.1:64152 - R:localhost/127.0.0.1:23024]' for 'GET' to 'http://localhost:23024/session/0fa7f3e65c747f86716415108c1c9579/screenshot'
[DEBUG] Using open Channel [id: 0x2e9b35af, L:/127.0.0.1:64152 - R:localhost/127.0.0.1:23024] for GET '/session/0fa7f3e65c747f86716415108c1c9579/screenshot'
[DEBUG] Entry count for : http://localhost:64153 : 1
[DEBUG] Entry count for : http://localhost:64153 : 1
[DEBUG] Entry count for : http://localhost:64153 : 1
[DEBUG] 

Request DefaultFullHttpRequest(decodeResult: success, version: HTTP/1.1, content: EmptyByteBufBE)
GET /session/0fa7f3e65c747f86716415108c1c9579/screenshot HTTP/1.1
User-Agent: selenium/4.6.0 (java windows)
Cache-Control: no-cache
Content-Type: application/json; charset=utf-8
host: localhost:23024
accept: */*

Response DefaultHttpResponse(decodeResult: success, version: HTTP/1.1)
HTTP/1.1 200 OK
Content-Type: application/json; charset=utf-8
cache-control: no-cache
content-length: 1130220

[DEBUG] Adding key: http://localhost:23024 for channel [id: 0x2e9b35af, L:/127.0.0.1:64152 - R:localhost/127.0.0.1:23024]
[INFO] ***********Tab Title displayed*************
[DEBUG] Channel Closed: [id: 0xff9c47dd, L:/127.0.0.1:64162 ! R:localhost/127.0.0.1:64153] with attribute NettyResponseFuture{currentRetry=0,
	isDone=1,
	isCancelled=0,
	asyncHandler=org.asynchttpclient.ws.WebSocketUpgradeHandler@66b9940,
	nettyRequest=org.asynchttpclient.netty.request.NettyRequest@436907e9,
	future=java.util.concurrent.CompletableFuture@50f86fc6[Completed normally],
	uri=ws://localhost:64153/devtools/browser/d5553500-9856-479a-a8fb-4324a3cb7af5,
	keepAlive=true,
	redirectCount=0,
	timeoutsHolder=null,
	inAuth=0,
	touch=1698330472746}
[DEBUG] Closing Channel [id: 0xff9c47dd, L:/127.0.0.1:64162 ! R:localhost/127.0.0.1:64153] 
[DEBUG] Using pooled Channel '[id: 0x2e9b35af, L:/127.0.0.1:64152 - R:localhost/127.0.0.1:23024]' for 'DELETE' to 'http://localhost:23024/session/0fa7f3e65c747f86716415108c1c9579'
[DEBUG] Using open Channel [id: 0x2e9b35af, L:/127.0.0.1:64152 - R:localhost/127.0.0.1:23024] for DELETE '/session/0fa7f3e65c747f86716415108c1c9579'
[DEBUG] Unexpected I/O exception on channel [id: 0xc3866010, L:/127.0.0.1:64161 - R:localhost/127.0.0.1:64153]
java.io.IOException: An existing connection was forcibly closed by the remote host
	at java.base/sun.nio.ch.SocketDispatcher.read0(Native Method) ~[na:na]
	at java.base/sun.nio.ch.SocketDispatcher.read(SocketDispatcher.java:43) ~[na:na]
	at java.base/sun.nio.ch.IOUtil.readIntoNativeBuffer(IOUtil.java:276) ~[na:na]
	at java.base/sun.nio.ch.IOUtil.read(IOUtil.java:233) ~[na:na]
	at java.base/sun.nio.ch.IOUtil.read(IOUtil.java:223) ~[na:na]
	at java.base/sun.nio.ch.SocketChannelImpl.read(SocketChannelImpl.java:358) ~[na:na]
	at io.netty.buffer.PooledByteBuf.setBytes(PooledByteBuf.java:259) ~[netty-buffer-4.1.84.Final.jar:4.1.84.Final]
	at io.netty.buffer.AbstractByteBuf.writeBytes(AbstractByteBuf.java:1132) ~[netty-buffer-4.1.84.Final.jar:4.1.84.Final]
	at io.netty.channel.socket.nio.NioSocketChannel.doReadBytes(NioSocketChannel.java:357) ~[netty-transport-4.1.84.Final.jar:4.1.84.Final]
	at io.netty.channel.nio.AbstractNioByteChannel$NioByteUnsafe.read(AbstractNioByteChannel.java:151) ~[netty-transport-4.1.84.Final.jar:4.1.84.Final]
	at io.netty.channel.nio.NioEventLoop.processSelectedKey(NioEventLoop.java:788) ~[netty-transport-4.1.84.Final.jar:4.1.84.Final]
	at io.netty.channel.nio.NioEventLoop.processSelectedKeysOptimized(NioEventLoop.java:724) ~[netty-transport-4.1.84.Final.jar:4.1.84.Final]
	at io.netty.channel.nio.NioEventLoop.processSelectedKeys(NioEventLoop.java:650) ~[netty-transport-4.1.84.Final.jar:4.1.84.Final]
	at io.netty.channel.nio.NioEventLoop.run(NioEventLoop.java:562) ~[netty-transport-4.1.84.Final.jar:4.1.84.Final]
	at io.netty.util.concurrent.SingleThreadEventExecutor$4.run(SingleThreadEventExecutor.java:997) ~[netty-common-4.1.84.Final.jar:4.1.84.Final]
	at io.netty.util.internal.ThreadExecutorMap$2.run(ThreadExecutorMap.java:74) ~[netty-common-4.1.84.Final.jar:4.1.84.Final]
	at io.netty.util.concurrent.FastThreadLocalRunnable.run(FastThreadLocalRunnable.java:30) ~[netty-common-4.1.84.Final.jar:4.1.84.Final]
	at java.base/java.lang.Thread.run(Thread.java:834) ~[na:na]
[DEBUG] Closing Channel [id: 0xc3866010, L:/127.0.0.1:64161 - R:localhost/127.0.0.1:64153] 
[DEBUG] Channel Closed: [id: 0xc3866010, L:/127.0.0.1:64161 ! R:localhost/127.0.0.1:64153] with attribute DISCARD
[DEBUG] Entry count for : http://localhost:64153 : 1
[DEBUG] Adding Candidate expired Channel [id: 0xc3866010, L:/127.0.0.1:64161 ! R:localhost/127.0.0.1:64153] isIdleTimeoutExpired=false isRemotelyClosed=true isTtlExpired=false
[DEBUG] Closing Idle Channel [id: 0xc3866010, L:/127.0.0.1:64161 ! R:localhost/127.0.0.1:64153]
[DEBUG] Closed 1 connections out of 1 in 1 ms
[DEBUG] 

Request DefaultFullHttpRequest(decodeResult: success, version: HTTP/1.1, content: EmptyByteBufBE)
DELETE /session/0fa7f3e65c747f86716415108c1c9579 HTTP/1.1
User-Agent: selenium/4.6.0 (java windows)
Content-Type: application/json; charset=utf-8
host: localhost:23024
accept: */*

Response DefaultHttpResponse(decodeResult: success, version: HTTP/1.1)
HTTP/1.1 200 OK
Content-Type: application/json; charset=utf-8
cache-control: no-cache
content-length: 14

[DEBUG] Adding key: http://localhost:23024 for channel [id: 0x2e9b35af, L:/127.0.0.1:64152 - R:localhost/127.0.0.1:23024]
[DEBUG] Channel Closed: [id: 0x2e9b35af, L:/127.0.0.1:64152 ! R:localhost/127.0.0.1:23024] with attribute DISCARD
  Then I should see the appropriate title "UK News" displayed                # stepdefinitions.Steps.verifyPageTitle(java.lang.String)
]]></system-out>
    <system-err><![CDATA[Oct 26, 2023 3:27:48 PM org.openqa.selenium.remote.RemoteWebDriver checkNonW3CCapabilities
WARNING: Support for Legacy Capabilities is deprecated; You are sending the following invalid capabilities: [unexpectedAlertBehaviour]; Please update to W3C Syntax: https://www.selenium.dev/blog/2022/legacy-protocol-support/
Starting ChromeDriver 118.0.5993.70 (e52f33f30b91b4ddfad649acddc39ab570473b86-refs/branch-heads/5993@{#1216}) on port 23024
Only local connections are allowed.
Please see https://chromedriver.chromium.org/security-considerations for suggestions on keeping ChromeDriver safe.
ChromeDriver was started successfully.
Oct 26, 2023 3:27:52 PM org.openqa.selenium.remote.ProtocolHandshake createSession
WARNING: Support for Legacy Capabilities is deprecated; You are sending the following invalid capabilities: [unexpectedAlertBehaviour]; Please update to W3C Syntax: https://www.selenium.dev/blog/2022/legacy-protocol-support/
Oct 26, 2023 3:27:52 PM org.openqa.selenium.devtools.CdpVersionFinder findNearestMatch
WARNING: Unable to find CDP implementation matching 118
Oct 26, 2023 3:27:52 PM org.openqa.selenium.chromium.ChromiumDriver lambda$new$3
WARNING: Unable to find version of CDP to use for . You may need to include a dependency on a specific version of the CDP using something similar to `org.seleniumhq.selenium:selenium-devtools-v86:4.6.0` where the version ("v86") matches the version of the chromium-based browser you're using and the version number of the artifact is the same as Selenium's.
]]></system-err>
  </testcase>
  <testcase name="Verify the number of categories displayed and their names. #2" classname="Sky News website tests" time="30.862">
    <system-out><![CDATA[
Scenario Outline: Verify the number of categories displayed and their names. # src/test/resources/features/skyNews.feature:15
[DEBUG] Using WebDriverManager 5.5.3
[DEBUG] Resolution chrome=118 in cache (valid until 15:31:30 26/10/2023 BST)
[DEBUG] Resolution chrome118=118.0.5993.70 in cache (valid until 22:39:57 26/10/2023 BST)
[INFO] Using chromedriver 118.0.5993.70 (resolved driver for Chrome 118)
[DEBUG] Driver chromedriver 118.0.5993.70 found in cache
[INFO] Exporting webdriver.chrome.driver as C:\Users\sindh\.cache\selenium\chromedriver\win64\118.0.5993.70\chromedriver.exe
[DEBUG] Using new Channel '[id: 0x3edac25c, L:/127.0.0.1:64275 - R:localhost/127.0.0.1:17614]' for 'POST' to '/session'
[DEBUG] Entry count for : http://localhost:23024 : 1
[DEBUG] Adding Candidate expired Channel [id: 0x2e9b35af, L:/127.0.0.1:64152 ! R:localhost/127.0.0.1:23024] isIdleTimeoutExpired=false isRemotelyClosed=true isTtlExpired=false
[DEBUG] Closing Idle Channel [id: 0x2e9b35af, L:/127.0.0.1:64152 ! R:localhost/127.0.0.1:23024]
[DEBUG] Closed 1 connections out of 1 in 1 ms
[DEBUG] 

Request DefaultHttpRequest(decodeResult: success, version: HTTP/1.1)
POST /session HTTP/1.1
User-Agent: selenium/4.6.0 (java windows)
Content-Length: 1721
Content-Type: application/json; charset=utf-8
host: localhost:17614
accept: */*

Response DefaultHttpResponse(decodeResult: success, version: HTTP/1.1)
HTTP/1.1 200 OK
Content-Type: application/json; charset=utf-8
cache-control: no-cache
content-length: 870

[DEBUG] Adding key: http://localhost:17614 for channel [id: 0x3edac25c, L:/127.0.0.1:64275 - R:localhost/127.0.0.1:17614]
[DEBUG] Using new Channel '[id: 0xf1d52a30, L:/127.0.0.1:64283 - R:localhost/127.0.0.1:64277]' for 'GET' to '/json/version'
[DEBUG] 

Request DefaultFullHttpRequest(decodeResult: success, version: HTTP/1.1, content: EmptyByteBufBE)
GET /json/version HTTP/1.1
User-Agent: selenium/4.6.0 (java windows)
host: localhost:64277
accept: */*

Response DefaultHttpResponse(decodeResult: success, version: HTTP/1.1)
HTTP/1.1 200 OK
Content-Security-Policy: frame-ancestors 'none'
Content-Type: application/json; charset=UTF-8
content-length: 423

[DEBUG] Adding key: http://localhost:64277 for channel [id: 0xf1d52a30, L:/127.0.0.1:64283 - R:localhost/127.0.0.1:64277]
[DEBUG] Using new Channel '[id: 0xf93ffc3e, L:/127.0.0.1:64284 - R:localhost/127.0.0.1:64277]' for 'GET' to '/devtools/browser/27324531-e741-4412-a6ee-4f32f8553e2d'
[DEBUG] 

Request DefaultFullHttpRequest(decodeResult: success, version: HTTP/1.1, content: EmptyByteBufBE)
GET /devtools/browser/27324531-e741-4412-a6ee-4f32f8553e2d HTTP/1.1
upgrade: websocket
connection: upgrade
sec-websocket-key: vCn1KAXdCQgWa46R3ghYXQ==
sec-websocket-version: 13
origin: http://localhost:64277
host: localhost:64277
accept: */*
user-agent: AHC/2.1

Response DefaultHttpResponse(decodeResult: success, version: HTTP/1.1)
HTTP/1.1 101 WebSocket Protocol Handshake
Upgrade: WebSocket
Connection: Upgrade
Sec-WebSocket-Accept: vQbuYqqwQq/77DIjPwyXCqx4OPk=

[DEBUG] Using pooled Channel '[id: 0x3edac25c, L:/127.0.0.1:64275 - R:localhost/127.0.0.1:17614]' for 'POST' to 'http://localhost:17614/session/48936924c9b0b1025d967151d204bfb8/window/maximize'
[DEBUG] Using open Channel [id: 0x3edac25c, L:/127.0.0.1:64275 - R:localhost/127.0.0.1:17614] for POST '/session/48936924c9b0b1025d967151d204bfb8/window/maximize'
[DEBUG] 

Request DefaultHttpRequest(decodeResult: success, version: HTTP/1.1)
POST /session/48936924c9b0b1025d967151d204bfb8/window/maximize HTTP/1.1
User-Agent: selenium/4.6.0 (java windows)
Content-Length: 3
Content-Type: application/json; charset=utf-8
host: localhost:17614
accept: */*

Response DefaultHttpResponse(decodeResult: success, version: HTTP/1.1)
HTTP/1.1 200 OK
Content-Type: application/json; charset=utf-8
cache-control: no-cache
content-length: 51

[DEBUG] Adding key: http://localhost:17614 for channel [id: 0x3edac25c, L:/127.0.0.1:64275 - R:localhost/127.0.0.1:17614]
Browser Launched
[DEBUG] Using pooled Channel '[id: 0x3edac25c, L:/127.0.0.1:64275 - R:localhost/127.0.0.1:17614]' for 'POST' to 'http://localhost:17614/session/48936924c9b0b1025d967151d204bfb8/url'
[DEBUG] Using open Channel [id: 0x3edac25c, L:/127.0.0.1:64275 - R:localhost/127.0.0.1:17614] for POST '/session/48936924c9b0b1025d967151d204bfb8/url'
[DEBUG] Entry count for : http://localhost:64277 : 1
[DEBUG] Entry count for : http://localhost:64277 : 1
[DEBUG] 

Request DefaultHttpRequest(decodeResult: success, version: HTTP/1.1)
POST /session/48936924c9b0b1025d967151d204bfb8/url HTTP/1.1
User-Agent: selenium/4.6.0 (java windows)
Content-Length: 45
Content-Type: application/json; charset=utf-8
host: localhost:17614
accept: */*

Response DefaultHttpResponse(decodeResult: success, version: HTTP/1.1)
HTTP/1.1 200 OK
Content-Type: application/json; charset=utf-8
cache-control: no-cache
content-length: 14

[DEBUG] Adding key: http://localhost:17614 for channel [id: 0x3edac25c, L:/127.0.0.1:64275 - R:localhost/127.0.0.1:17614]
[DEBUG] Using pooled Channel '[id: 0x3edac25c, L:/127.0.0.1:64275 - R:localhost/127.0.0.1:17614]' for 'POST' to 'http://localhost:17614/session/48936924c9b0b1025d967151d204bfb8/timeouts'
[DEBUG] Using open Channel [id: 0x3edac25c, L:/127.0.0.1:64275 - R:localhost/127.0.0.1:17614] for POST '/session/48936924c9b0b1025d967151d204bfb8/timeouts'
[DEBUG] 

Request DefaultHttpRequest(decodeResult: success, version: HTTP/1.1)
POST /session/48936924c9b0b1025d967151d204bfb8/timeouts HTTP/1.1
User-Agent: selenium/4.6.0 (java windows)
Content-Length: 23
Content-Type: application/json; charset=utf-8
host: localhost:17614
accept: */*

Response DefaultHttpResponse(decodeResult: success, version: HTTP/1.1)
HTTP/1.1 200 OK
Content-Type: application/json; charset=utf-8
cache-control: no-cache
content-length: 14

[DEBUG] Adding key: http://localhost:17614 for channel [id: 0x3edac25c, L:/127.0.0.1:64275 - R:localhost/127.0.0.1:17614]
[INFO] SkyNews Displayed.............
[DEBUG] Using pooled Channel '[id: 0x3edac25c, L:/127.0.0.1:64275 - R:localhost/127.0.0.1:17614]' for 'GET' to 'http://localhost:17614/session/48936924c9b0b1025d967151d204bfb8/screenshot'
[DEBUG] Using open Channel [id: 0x3edac25c, L:/127.0.0.1:64275 - R:localhost/127.0.0.1:17614] for GET '/session/48936924c9b0b1025d967151d204bfb8/screenshot'
[DEBUG] Entry count for : http://localhost:64277 : 1
[DEBUG] Entry count for : http://localhost:64277 : 1
[DEBUG] Entry count for : http://localhost:64277 : 1
[DEBUG] Entry count for : http://localhost:64277 : 1
[DEBUG] 

Request DefaultFullHttpRequest(decodeResult: success, version: HTTP/1.1, content: EmptyByteBufBE)
GET /session/48936924c9b0b1025d967151d204bfb8/screenshot HTTP/1.1
User-Agent: selenium/4.6.0 (java windows)
Cache-Control: no-cache
Content-Type: application/json; charset=utf-8
host: localhost:17614
accept: */*

Response DefaultHttpResponse(decodeResult: success, version: HTTP/1.1)
HTTP/1.1 200 OK
Content-Type: application/json; charset=utf-8
cache-control: no-cache
content-length: 1232468

[DEBUG] Adding key: http://localhost:17614 for channel [id: 0x3edac25c, L:/127.0.0.1:64275 - R:localhost/127.0.0.1:17614]
[DEBUG] Using pooled Channel '[id: 0x3edac25c, L:/127.0.0.1:64275 - R:localhost/127.0.0.1:17614]' for 'POST' to 'http://localhost:17614/session/48936924c9b0b1025d967151d204bfb8/elements'
[DEBUG] Using open Channel [id: 0x3edac25c, L:/127.0.0.1:64275 - R:localhost/127.0.0.1:17614] for POST '/session/48936924c9b0b1025d967151d204bfb8/elements'
[DEBUG] Entry count for : http://localhost:64277 : 1
[DEBUG] Entry count for : http://localhost:64277 : 1
[DEBUG] Entry count for : http://localhost:64277 : 1
[DEBUG] Entry count for : http://localhost:64277 : 1
[DEBUG] Entry count for : http://localhost:64277 : 1
[DEBUG] Entry count for : http://localhost:64277 : 1
[DEBUG] Entry count for : http://localhost:64277 : 1
[DEBUG] Entry count for : http://localhost:64277 : 1
[DEBUG] Entry count for : http://localhost:64277 : 1
[DEBUG] 

Request DefaultHttpRequest(decodeResult: success, version: HTTP/1.1)
POST /session/48936924c9b0b1025d967151d204bfb8/elements HTTP/1.1
User-Agent: selenium/4.6.0 (java windows)
Content-Length: 122
Content-Type: application/json; charset=utf-8
host: localhost:17614
accept: */*

Response DefaultHttpResponse(decodeResult: success, version: HTTP/1.1)
HTTP/1.1 200 OK
Content-Type: application/json; charset=utf-8
cache-control: no-cache
content-length: 12

[DEBUG] Adding key: http://localhost:17614 for channel [id: 0x3edac25c, L:/127.0.0.1:64275 - R:localhost/127.0.0.1:17614]
[DEBUG] Using pooled Channel '[id: 0x3edac25c, L:/127.0.0.1:64275 - R:localhost/127.0.0.1:17614]' for 'POST' to 'http://localhost:17614/session/48936924c9b0b1025d967151d204bfb8/elements'
[DEBUG] Using open Channel [id: 0x3edac25c, L:/127.0.0.1:64275 - R:localhost/127.0.0.1:17614] for POST '/session/48936924c9b0b1025d967151d204bfb8/elements'
[DEBUG] 

Request DefaultHttpRequest(decodeResult: success, version: HTTP/1.1)
POST /session/48936924c9b0b1025d967151d204bfb8/elements HTTP/1.1
User-Agent: selenium/4.6.0 (java windows)
Content-Length: 106
Content-Type: application/json; charset=utf-8
host: localhost:17614
accept: */*

Response DefaultHttpResponse(decodeResult: success, version: HTTP/1.1)
HTTP/1.1 200 OK
Content-Type: application/json; charset=utf-8
cache-control: no-cache
content-length: 97

[DEBUG] Adding key: http://localhost:17614 for channel [id: 0x3edac25c, L:/127.0.0.1:64275 - R:localhost/127.0.0.1:17614]
[DEBUG] Using pooled Channel '[id: 0x3edac25c, L:/127.0.0.1:64275 - R:localhost/127.0.0.1:17614]' for 'POST' to 'http://localhost:17614/session/48936924c9b0b1025d967151d204bfb8/frame'
[DEBUG] Using open Channel [id: 0x3edac25c, L:/127.0.0.1:64275 - R:localhost/127.0.0.1:17614] for POST '/session/48936924c9b0b1025d967151d204bfb8/frame'
[DEBUG] Entry count for : http://localhost:64277 : 1
[DEBUG] 

Request DefaultHttpRequest(decodeResult: success, version: HTTP/1.1)
POST /session/48936924c9b0b1025d967151d204bfb8/frame HTTP/1.1
User-Agent: selenium/4.6.0 (java windows)
Content-Length: 168
Content-Type: application/json; charset=utf-8
host: localhost:17614
accept: */*

Response DefaultHttpResponse(decodeResult: success, version: HTTP/1.1)
HTTP/1.1 200 OK
Content-Type: application/json; charset=utf-8
cache-control: no-cache
content-length: 14

[DEBUG] Adding key: http://localhost:17614 for channel [id: 0x3edac25c, L:/127.0.0.1:64275 - R:localhost/127.0.0.1:17614]
[DEBUG] Using pooled Channel '[id: 0x3edac25c, L:/127.0.0.1:64275 - R:localhost/127.0.0.1:17614]' for 'POST' to 'http://localhost:17614/session/48936924c9b0b1025d967151d204bfb8/element'
[DEBUG] Using open Channel [id: 0x3edac25c, L:/127.0.0.1:64275 - R:localhost/127.0.0.1:17614] for POST '/session/48936924c9b0b1025d967151d204bfb8/element'
[DEBUG] 

Request DefaultHttpRequest(decodeResult: success, version: HTTP/1.1)
POST /session/48936924c9b0b1025d967151d204bfb8/element HTTP/1.1
User-Agent: selenium/4.6.0 (java windows)
Content-Length: 88
Content-Type: application/json; charset=utf-8
host: localhost:17614
accept: */*

Response DefaultHttpResponse(decodeResult: success, version: HTTP/1.1)
HTTP/1.1 200 OK
Content-Type: application/json; charset=utf-8
cache-control: no-cache
content-length: 94

[DEBUG] Adding key: http://localhost:17614 for channel [id: 0x3edac25c, L:/127.0.0.1:64275 - R:localhost/127.0.0.1:17614]
[DEBUG] Using pooled Channel '[id: 0x3edac25c, L:/127.0.0.1:64275 - R:localhost/127.0.0.1:17614]' for 'POST' to 'http://localhost:17614/session/48936924c9b0b1025d967151d204bfb8/element/AE464761D3355C0E62FA58A798D26283_element_9/click'
[DEBUG] Using open Channel [id: 0x3edac25c, L:/127.0.0.1:64275 - R:localhost/127.0.0.1:17614] for POST '/session/48936924c9b0b1025d967151d204bfb8/element/AE464761D3355C0E62FA58A798D26283_element_9/click'
[DEBUG] 

Request DefaultHttpRequest(decodeResult: success, version: HTTP/1.1)
POST /session/48936924c9b0b1025d967151d204bfb8/element/AE464761D3355C0E62FA58A798D26283_element_9/click HTTP/1.1
User-Agent: selenium/4.6.0 (java windows)
Content-Length: 56
Content-Type: application/json; charset=utf-8
host: localhost:17614
accept: */*

Response DefaultHttpResponse(decodeResult: success, version: HTTP/1.1)
HTTP/1.1 200 OK
Content-Type: application/json; charset=utf-8
cache-control: no-cache
content-length: 14

[DEBUG] Adding key: http://localhost:17614 for channel [id: 0x3edac25c, L:/127.0.0.1:64275 - R:localhost/127.0.0.1:17614]
[DEBUG] Entry count for : http://localhost:17614 : 1
[DEBUG] Entry count for : http://localhost:64277 : 1
  Given I navigate to Sky News Website home page                             # stepdefinitions.Steps.loadHomePage()
[DEBUG] Using pooled Channel '[id: 0x3edac25c, L:/127.0.0.1:64275 - R:localhost/127.0.0.1:17614]' for 'POST' to 'http://localhost:17614/session/48936924c9b0b1025d967151d204bfb8/element'
[DEBUG] Using open Channel [id: 0x3edac25c, L:/127.0.0.1:64275 - R:localhost/127.0.0.1:17614] for POST '/session/48936924c9b0b1025d967151d204bfb8/element'
[DEBUG] Entry count for : http://localhost:64277 : 1
[DEBUG] Entry count for : http://localhost:64277 : 1
[DEBUG] 

Request DefaultHttpRequest(decodeResult: success, version: HTTP/1.1)
POST /session/48936924c9b0b1025d967151d204bfb8/element HTTP/1.1
User-Agent: selenium/4.6.0 (java windows)
Content-Length: 123
Content-Type: application/json; charset=utf-8
host: localhost:17614
accept: */*

Response DefaultHttpResponse(decodeResult: success, version: HTTP/1.1)
HTTP/1.1 200 OK
Content-Type: application/json; charset=utf-8
cache-control: no-cache
content-length: 95

[DEBUG] Adding key: http://localhost:17614 for channel [id: 0x3edac25c, L:/127.0.0.1:64275 - R:localhost/127.0.0.1:17614]
[DEBUG] Using pooled Channel '[id: 0x3edac25c, L:/127.0.0.1:64275 - R:localhost/127.0.0.1:17614]' for 'POST' to 'http://localhost:17614/session/48936924c9b0b1025d967151d204bfb8/element/CEF05334C2A4038AA580055009F70E61_element_31/click'
[DEBUG] Using open Channel [id: 0x3edac25c, L:/127.0.0.1:64275 - R:localhost/127.0.0.1:17614] for POST '/session/48936924c9b0b1025d967151d204bfb8/element/CEF05334C2A4038AA580055009F70E61_element_31/click'
[DEBUG] Entry count for : http://localhost:64277 : 1
[DEBUG] 

Request DefaultHttpRequest(decodeResult: success, version: HTTP/1.1)
POST /session/48936924c9b0b1025d967151d204bfb8/element/CEF05334C2A4038AA580055009F70E61_element_31/click HTTP/1.1
User-Agent: selenium/4.6.0 (java windows)
Content-Length: 57
Content-Type: application/json; charset=utf-8
host: localhost:17614
accept: */*

Response DefaultHttpResponse(decodeResult: success, version: HTTP/1.1)
HTTP/1.1 200 OK
Content-Type: application/json; charset=utf-8
cache-control: no-cache
content-length: 14

[DEBUG] Adding key: http://localhost:17614 for channel [id: 0x3edac25c, L:/127.0.0.1:64275 - R:localhost/127.0.0.1:17614]
  When I click the "World" tab                                               # stepdefinitions.Steps.selectTab(java.lang.String)
[DEBUG] Using pooled Channel '[id: 0x3edac25c, L:/127.0.0.1:64275 - R:localhost/127.0.0.1:17614]' for 'GET' to 'http://localhost:17614/session/48936924c9b0b1025d967151d204bfb8/title'
[DEBUG] Using open Channel [id: 0x3edac25c, L:/127.0.0.1:64275 - R:localhost/127.0.0.1:17614] for GET '/session/48936924c9b0b1025d967151d204bfb8/title'
[DEBUG] Entry count for : http://localhost:64277 : 1
[DEBUG] 

Request DefaultFullHttpRequest(decodeResult: success, version: HTTP/1.1, content: EmptyByteBufBE)
GET /session/48936924c9b0b1025d967151d204bfb8/title HTTP/1.1
User-Agent: selenium/4.6.0 (java windows)
Cache-Control: no-cache
Content-Type: application/json; charset=utf-8
host: localhost:17614
accept: */*

Response DefaultHttpResponse(decodeResult: success, version: HTTP/1.1)
HTTP/1.1 200 OK
Content-Type: application/json; charset=utf-8
cache-control: no-cache
content-length: 77

[DEBUG] Adding key: http://localhost:17614 for channel [id: 0x3edac25c, L:/127.0.0.1:64275 - R:localhost/127.0.0.1:17614]
[DEBUG] Using pooled Channel '[id: 0x3edac25c, L:/127.0.0.1:64275 - R:localhost/127.0.0.1:17614]' for 'GET' to 'http://localhost:17614/session/48936924c9b0b1025d967151d204bfb8/screenshot'
[DEBUG] Using open Channel [id: 0x3edac25c, L:/127.0.0.1:64275 - R:localhost/127.0.0.1:17614] for GET '/session/48936924c9b0b1025d967151d204bfb8/screenshot'
[DEBUG] Entry count for : http://localhost:64277 : 1
[DEBUG] Entry count for : http://localhost:64277 : 1
[DEBUG] Entry count for : http://localhost:64277 : 1
[DEBUG] 

Request DefaultFullHttpRequest(decodeResult: success, version: HTTP/1.1, content: EmptyByteBufBE)
GET /session/48936924c9b0b1025d967151d204bfb8/screenshot HTTP/1.1
User-Agent: selenium/4.6.0 (java windows)
Cache-Control: no-cache
Content-Type: application/json; charset=utf-8
host: localhost:17614
accept: */*

Response DefaultHttpResponse(decodeResult: success, version: HTTP/1.1)
HTTP/1.1 200 OK
Content-Type: application/json; charset=utf-8
cache-control: no-cache
content-length: 1022788

[DEBUG] Adding key: http://localhost:17614 for channel [id: 0x3edac25c, L:/127.0.0.1:64275 - R:localhost/127.0.0.1:17614]
[INFO] ***********Tab Title displayed*************
[DEBUG] Channel Closed: [id: 0xf93ffc3e, L:/127.0.0.1:64284 ! R:localhost/127.0.0.1:64277] with attribute NettyResponseFuture{currentRetry=0,
	isDone=1,
	isCancelled=0,
	asyncHandler=org.asynchttpclient.ws.WebSocketUpgradeHandler@3196aa3b,
	nettyRequest=org.asynchttpclient.netty.request.NettyRequest@7494326d,
	future=java.util.concurrent.CompletableFuture@39bdd12d[Completed normally],
	uri=ws://localhost:64277/devtools/browser/27324531-e741-4412-a6ee-4f32f8553e2d,
	keepAlive=true,
	redirectCount=0,
	timeoutsHolder=null,
	inAuth=0,
	touch=1698330504057}
[DEBUG] Closing Channel [id: 0xf93ffc3e, L:/127.0.0.1:64284 ! R:localhost/127.0.0.1:64277] 
[DEBUG] Using pooled Channel '[id: 0x3edac25c, L:/127.0.0.1:64275 - R:localhost/127.0.0.1:17614]' for 'DELETE' to 'http://localhost:17614/session/48936924c9b0b1025d967151d204bfb8'
[DEBUG] Using open Channel [id: 0x3edac25c, L:/127.0.0.1:64275 - R:localhost/127.0.0.1:17614] for DELETE '/session/48936924c9b0b1025d967151d204bfb8'
[DEBUG] Entry count for : http://localhost:64277 : 1
[DEBUG] Unexpected I/O exception on channel [id: 0xf1d52a30, L:/127.0.0.1:64283 - R:localhost/127.0.0.1:64277]
java.io.IOException: An existing connection was forcibly closed by the remote host
	at java.base/sun.nio.ch.SocketDispatcher.read0(Native Method) ~[na:na]
	at java.base/sun.nio.ch.SocketDispatcher.read(SocketDispatcher.java:43) ~[na:na]
	at java.base/sun.nio.ch.IOUtil.readIntoNativeBuffer(IOUtil.java:276) ~[na:na]
	at java.base/sun.nio.ch.IOUtil.read(IOUtil.java:233) ~[na:na]
	at java.base/sun.nio.ch.IOUtil.read(IOUtil.java:223) ~[na:na]
	at java.base/sun.nio.ch.SocketChannelImpl.read(SocketChannelImpl.java:358) ~[na:na]
	at io.netty.buffer.PooledByteBuf.setBytes(PooledByteBuf.java:259) ~[netty-buffer-4.1.84.Final.jar:4.1.84.Final]
	at io.netty.buffer.AbstractByteBuf.writeBytes(AbstractByteBuf.java:1132) ~[netty-buffer-4.1.84.Final.jar:4.1.84.Final]
	at io.netty.channel.socket.nio.NioSocketChannel.doReadBytes(NioSocketChannel.java:357) ~[netty-transport-4.1.84.Final.jar:4.1.84.Final]
	at io.netty.channel.nio.AbstractNioByteChannel$NioByteUnsafe.read(AbstractNioByteChannel.java:151) ~[netty-transport-4.1.84.Final.jar:4.1.84.Final]
	at io.netty.channel.nio.NioEventLoop.processSelectedKey(NioEventLoop.java:788) ~[netty-transport-4.1.84.Final.jar:4.1.84.Final]
	at io.netty.channel.nio.NioEventLoop.processSelectedKeysOptimized(NioEventLoop.java:724) ~[netty-transport-4.1.84.Final.jar:4.1.84.Final]
	at io.netty.channel.nio.NioEventLoop.processSelectedKeys(NioEventLoop.java:650) ~[netty-transport-4.1.84.Final.jar:4.1.84.Final]
	at io.netty.channel.nio.NioEventLoop.run(NioEventLoop.java:562) ~[netty-transport-4.1.84.Final.jar:4.1.84.Final]
	at io.netty.util.concurrent.SingleThreadEventExecutor$4.run(SingleThreadEventExecutor.java:997) ~[netty-common-4.1.84.Final.jar:4.1.84.Final]
	at io.netty.util.internal.ThreadExecutorMap$2.run(ThreadExecutorMap.java:74) ~[netty-common-4.1.84.Final.jar:4.1.84.Final]
	at io.netty.util.concurrent.FastThreadLocalRunnable.run(FastThreadLocalRunnable.java:30) ~[netty-common-4.1.84.Final.jar:4.1.84.Final]
	at java.base/java.lang.Thread.run(Thread.java:834) ~[na:na]
[DEBUG] Closing Channel [id: 0xf1d52a30, L:/127.0.0.1:64283 - R:localhost/127.0.0.1:64277] 
[DEBUG] Channel Closed: [id: 0xf1d52a30, L:/127.0.0.1:64283 ! R:localhost/127.0.0.1:64277] with attribute DISCARD
[DEBUG] 

Request DefaultFullHttpRequest(decodeResult: success, version: HTTP/1.1, content: EmptyByteBufBE)
DELETE /session/48936924c9b0b1025d967151d204bfb8 HTTP/1.1
User-Agent: selenium/4.6.0 (java windows)
Content-Type: application/json; charset=utf-8
host: localhost:17614
accept: */*

Response DefaultHttpResponse(decodeResult: success, version: HTTP/1.1)
HTTP/1.1 200 OK
Content-Type: application/json; charset=utf-8
cache-control: no-cache
content-length: 14

[DEBUG] Adding key: http://localhost:17614 for channel [id: 0x3edac25c, L:/127.0.0.1:64275 - R:localhost/127.0.0.1:17614]
[DEBUG] Channel Closed: [id: 0x3edac25c, L:/127.0.0.1:64275 ! R:localhost/127.0.0.1:17614] with attribute DISCARD
  Then I should see the appropriate title "World News" displayed             # stepdefinitions.Steps.verifyPageTitle(java.lang.String)
]]></system-out>
    <system-err><![CDATA[Oct 26, 2023 3:28:21 PM org.openqa.selenium.remote.RemoteWebDriver checkNonW3CCapabilities
WARNING: Support for Legacy Capabilities is deprecated; You are sending the following invalid capabilities: [unexpectedAlertBehaviour]; Please update to W3C Syntax: https://www.selenium.dev/blog/2022/legacy-protocol-support/
Starting ChromeDriver 118.0.5993.70 (e52f33f30b91b4ddfad649acddc39ab570473b86-refs/branch-heads/5993@{#1216}) on port 17614
Only local connections are allowed.
Please see https://chromedriver.chromium.org/security-considerations for suggestions on keeping ChromeDriver safe.
ChromeDriver was started successfully.
Oct 26, 2023 3:28:23 PM org.openqa.selenium.remote.ProtocolHandshake createSession
WARNING: Support for Legacy Capabilities is deprecated; You are sending the following invalid capabilities: [unexpectedAlertBehaviour]; Please update to W3C Syntax: https://www.selenium.dev/blog/2022/legacy-protocol-support/
Oct 26, 2023 3:28:24 PM org.openqa.selenium.devtools.CdpVersionFinder findNearestMatch
WARNING: Unable to find CDP implementation matching 118
Oct 26, 2023 3:28:24 PM org.openqa.selenium.chromium.ChromiumDriver lambda$new$3
WARNING: Unable to find version of CDP to use for . You may need to include a dependency on a specific version of the CDP using something similar to `org.seleniumhq.selenium:selenium-devtools-v86:4.6.0` where the version ("v86") matches the version of the chromium-based browser you're using and the version number of the artifact is the same as Selenium's.
]]></system-err>
  </testcase>
  <testcase name="Verify the number of categories displayed and their names. #3" classname="Sky News website tests" time="42.976">
    <system-out><![CDATA[
Scenario Outline: Verify the number of categories displayed and their names. # src/test/resources/features/skyNews.feature:16
[DEBUG] Using WebDriverManager 5.5.3
[DEBUG] Resolution chrome=118 in cache (valid until 15:31:30 26/10/2023 BST)
[DEBUG] Resolution chrome118=118.0.5993.70 in cache (valid until 22:39:57 26/10/2023 BST)
[INFO] Using chromedriver 118.0.5993.70 (resolved driver for Chrome 118)
[DEBUG] Driver chromedriver 118.0.5993.70 found in cache
[INFO] Exporting webdriver.chrome.driver as C:\Users\sindh\.cache\selenium\chromedriver\win64\118.0.5993.70\chromedriver.exe
[DEBUG] Using new Channel '[id: 0x8bc4d761, L:/127.0.0.1:64374 - R:localhost/127.0.0.1:22015]' for 'POST' to '/session'
[DEBUG] Entry count for : http://localhost:17614 : 1
[DEBUG] Entry count for : http://localhost:64277 : 1
[DEBUG] Adding Candidate expired Channel [id: 0x3edac25c, L:/127.0.0.1:64275 ! R:localhost/127.0.0.1:17614] isIdleTimeoutExpired=false isRemotelyClosed=true isTtlExpired=false
[DEBUG] Closing Idle Channel [id: 0x3edac25c, L:/127.0.0.1:64275 ! R:localhost/127.0.0.1:17614]
[DEBUG] Adding Candidate expired Channel [id: 0xf1d52a30, L:/127.0.0.1:64283 ! R:localhost/127.0.0.1:64277] isIdleTimeoutExpired=false isRemotelyClosed=true isTtlExpired=false
[DEBUG] Closing Idle Channel [id: 0xf1d52a30, L:/127.0.0.1:64283 ! R:localhost/127.0.0.1:64277]
[DEBUG] Closed 2 connections out of 2 in 1 ms
[DEBUG] 

Request DefaultHttpRequest(decodeResult: success, version: HTTP/1.1)
POST /session HTTP/1.1
User-Agent: selenium/4.6.0 (java windows)
Content-Length: 1721
Content-Type: application/json; charset=utf-8
host: localhost:22015
accept: */*

Response DefaultHttpResponse(decodeResult: success, version: HTTP/1.1)
HTTP/1.1 200 OK
Content-Type: application/json; charset=utf-8
cache-control: no-cache
content-length: 869

[DEBUG] Adding key: http://localhost:22015 for channel [id: 0x8bc4d761, L:/127.0.0.1:64374 - R:localhost/127.0.0.1:22015]
[DEBUG] Using new Channel '[id: 0x5d1e644c, L:/127.0.0.1:64383 - R:localhost/127.0.0.1:64375]' for 'GET' to '/json/version'
[DEBUG] 

Request DefaultFullHttpRequest(decodeResult: success, version: HTTP/1.1, content: EmptyByteBufBE)
GET /json/version HTTP/1.1
User-Agent: selenium/4.6.0 (java windows)
host: localhost:64375
accept: */*

Response DefaultHttpResponse(decodeResult: success, version: HTTP/1.1)
HTTP/1.1 200 OK
Content-Security-Policy: frame-ancestors 'none'
Content-Type: application/json; charset=UTF-8
content-length: 423

[DEBUG] Adding key: http://localhost:64375 for channel [id: 0x5d1e644c, L:/127.0.0.1:64383 - R:localhost/127.0.0.1:64375]
[DEBUG] Using new Channel '[id: 0xf9256774, L:/127.0.0.1:64384 - R:localhost/127.0.0.1:64375]' for 'GET' to '/devtools/browser/daeb93db-224a-4358-9cba-6658da622c76'
[DEBUG] 

Request DefaultFullHttpRequest(decodeResult: success, version: HTTP/1.1, content: EmptyByteBufBE)
GET /devtools/browser/daeb93db-224a-4358-9cba-6658da622c76 HTTP/1.1
upgrade: websocket
connection: upgrade
sec-websocket-key: 5rAapCkKa0TIcDyqNCeGbQ==
sec-websocket-version: 13
origin: http://localhost:64375
host: localhost:64375
accept: */*
user-agent: AHC/2.1

Response DefaultHttpResponse(decodeResult: success, version: HTTP/1.1)
HTTP/1.1 101 WebSocket Protocol Handshake
Upgrade: WebSocket
Connection: Upgrade
Sec-WebSocket-Accept: qka5WgLN8eUvBzDeG+W2QJThXpk=

[DEBUG] Using pooled Channel '[id: 0x8bc4d761, L:/127.0.0.1:64374 - R:localhost/127.0.0.1:22015]' for 'POST' to 'http://localhost:22015/session/e404b8f1d7d802d391845be3206c9a1e/window/maximize'
[DEBUG] Using open Channel [id: 0x8bc4d761, L:/127.0.0.1:64374 - R:localhost/127.0.0.1:22015] for POST '/session/e404b8f1d7d802d391845be3206c9a1e/window/maximize'
[DEBUG] 

Request DefaultHttpRequest(decodeResult: success, version: HTTP/1.1)
POST /session/e404b8f1d7d802d391845be3206c9a1e/window/maximize HTTP/1.1
User-Agent: selenium/4.6.0 (java windows)
Content-Length: 3
Content-Type: application/json; charset=utf-8
host: localhost:22015
accept: */*

Response DefaultHttpResponse(decodeResult: success, version: HTTP/1.1)
HTTP/1.1 200 OK
Content-Type: application/json; charset=utf-8
cache-control: no-cache
content-length: 51

[DEBUG] Adding key: http://localhost:22015 for channel [id: 0x8bc4d761, L:/127.0.0.1:64374 - R:localhost/127.0.0.1:22015]
Browser Launched
[DEBUG] Using pooled Channel '[id: 0x8bc4d761, L:/127.0.0.1:64374 - R:localhost/127.0.0.1:22015]' for 'POST' to 'http://localhost:22015/session/e404b8f1d7d802d391845be3206c9a1e/url'
[DEBUG] Using open Channel [id: 0x8bc4d761, L:/127.0.0.1:64374 - R:localhost/127.0.0.1:22015] for POST '/session/e404b8f1d7d802d391845be3206c9a1e/url'
[DEBUG] Entry count for : http://localhost:64375 : 1
[DEBUG] Entry count for : http://localhost:64375 : 1
[DEBUG] Entry count for : http://localhost:64375 : 1
[DEBUG] 

Request DefaultHttpRequest(decodeResult: success, version: HTTP/1.1)
POST /session/e404b8f1d7d802d391845be3206c9a1e/url HTTP/1.1
User-Agent: selenium/4.6.0 (java windows)
Content-Length: 45
Content-Type: application/json; charset=utf-8
host: localhost:22015
accept: */*

Response DefaultHttpResponse(decodeResult: success, version: HTTP/1.1)
HTTP/1.1 200 OK
Content-Type: application/json; charset=utf-8
cache-control: no-cache
content-length: 14

[DEBUG] Adding key: http://localhost:22015 for channel [id: 0x8bc4d761, L:/127.0.0.1:64374 - R:localhost/127.0.0.1:22015]
[DEBUG] Using pooled Channel '[id: 0x8bc4d761, L:/127.0.0.1:64374 - R:localhost/127.0.0.1:22015]' for 'POST' to 'http://localhost:22015/session/e404b8f1d7d802d391845be3206c9a1e/timeouts'
[DEBUG] Using open Channel [id: 0x8bc4d761, L:/127.0.0.1:64374 - R:localhost/127.0.0.1:22015] for POST '/session/e404b8f1d7d802d391845be3206c9a1e/timeouts'
[DEBUG] 

Request DefaultHttpRequest(decodeResult: success, version: HTTP/1.1)
POST /session/e404b8f1d7d802d391845be3206c9a1e/timeouts HTTP/1.1
User-Agent: selenium/4.6.0 (java windows)
Content-Length: 23
Content-Type: application/json; charset=utf-8
host: localhost:22015
accept: */*

Response DefaultHttpResponse(decodeResult: success, version: HTTP/1.1)
HTTP/1.1 200 OK
Content-Type: application/json; charset=utf-8
cache-control: no-cache
content-length: 14

[DEBUG] Adding key: http://localhost:22015 for channel [id: 0x8bc4d761, L:/127.0.0.1:64374 - R:localhost/127.0.0.1:22015]
[INFO] SkyNews Displayed.............
[DEBUG] Using pooled Channel '[id: 0x8bc4d761, L:/127.0.0.1:64374 - R:localhost/127.0.0.1:22015]' for 'GET' to 'http://localhost:22015/session/e404b8f1d7d802d391845be3206c9a1e/screenshot'
[DEBUG] Using open Channel [id: 0x8bc4d761, L:/127.0.0.1:64374 - R:localhost/127.0.0.1:22015] for GET '/session/e404b8f1d7d802d391845be3206c9a1e/screenshot'
[DEBUG] Entry count for : http://localhost:64375 : 1
[DEBUG] Entry count for : http://localhost:64375 : 1
[DEBUG] Entry count for : http://localhost:64375 : 1
[DEBUG] Entry count for : http://localhost:64375 : 1
[DEBUG] 

Request DefaultFullHttpRequest(decodeResult: success, version: HTTP/1.1, content: EmptyByteBufBE)
GET /session/e404b8f1d7d802d391845be3206c9a1e/screenshot HTTP/1.1
User-Agent: selenium/4.6.0 (java windows)
Cache-Control: no-cache
Content-Type: application/json; charset=utf-8
host: localhost:22015
accept: */*

Response DefaultHttpResponse(decodeResult: success, version: HTTP/1.1)
HTTP/1.1 200 OK
Content-Type: application/json; charset=utf-8
cache-control: no-cache
content-length: 726488

[DEBUG] Adding key: http://localhost:22015 for channel [id: 0x8bc4d761, L:/127.0.0.1:64374 - R:localhost/127.0.0.1:22015]
[DEBUG] Using pooled Channel '[id: 0x8bc4d761, L:/127.0.0.1:64374 - R:localhost/127.0.0.1:22015]' for 'POST' to 'http://localhost:22015/session/e404b8f1d7d802d391845be3206c9a1e/elements'
[DEBUG] Using open Channel [id: 0x8bc4d761, L:/127.0.0.1:64374 - R:localhost/127.0.0.1:22015] for POST '/session/e404b8f1d7d802d391845be3206c9a1e/elements'
[DEBUG] Entry count for : http://localhost:64375 : 1
[DEBUG] Entry count for : http://localhost:64375 : 1
[DEBUG] Entry count for : http://localhost:64375 : 1
[...]
[DEBUG] Using pooled Channel '[id: 0xfffd82f4, L:/127.0.0.1:50265 - R:localhost/127.0.0.1:16688]' for 'GET' to 'http://localhost:16688/session/902b3a7b47ebc4caf007da74f3fa9693/screenshot'
[DEBUG] Using open Channel [id: 0xfffd82f4, L:/127.0.0.1:50265 - R:localhost/127.0.0.1:16688] for GET '/session/902b3a7b47ebc4caf007da74f3fa9693/screenshot'
[DEBUG] Entry count for : http://localhost:50266 : 1
[DEBUG] Entry count for : http://localhost:50266 : 1
[DEBUG] 

Request DefaultFullHttpRequest(decodeResult: success, version: HTTP/1.1, content: EmptyByteBufBE)
GET /session/902b3a7b47ebc4caf007da74f3fa9693/screenshot HTTP/1.1
User-Agent: selenium/4.6.0 (java windows)
Cache-Control: no-cache
Content-Type: application/json; charset=utf-8
host: localhost:16688
accept: */*

Response DefaultHttpResponse(decodeResult: success, version: HTTP/1.1)
HTTP/1.1 200 OK
Content-Type: application/json; charset=utf-8
cache-control: no-cache
content-length: 731676

[DEBUG] Entry count for : http://localhost:50266 : 1
[DEBUG] Adding key: http://localhost:16688 for channel [id: 0xfffd82f4, L:/127.0.0.1:50265 - R:localhost/127.0.0.1:16688]
[DEBUG] Using pooled Channel '[id: 0xfffd82f4, L:/127.0.0.1:50265 - R:localhost/127.0.0.1:16688]' for 'POST' to 'http://localhost:16688/session/902b3a7b47ebc4caf007da74f3fa9693/elements'
[DEBUG] Using open Channel [id: 0xfffd82f4, L:/127.0.0.1:50265 - R:localhost/127.0.0.1:16688] for POST '/session/902b3a7b47ebc4caf007da74f3fa9693/elements'
[DEBUG] Entry count for : http://localhost:50266 : 1
[DEBUG] Entry count for : http://localhost:50266 : 1
[DEBUG] Entry count for : http://localhost:50266 : 1
[DEBUG] Entry count for : http://localhost:50266 : 1
[DEBUG] Entry count for : http://localhost:50266 : 1
[DEBUG] Entry count for : http://localhost:50266 : 1
[DEBUG] Entry count for : http://localhost:50266 : 1
[DEBUG] Entry count for : http://localhost:50266 : 1
[DEBUG] Entry count for : http://localhost:50266 : 1
[DEBUG] 

Request DefaultHttpRequest(decodeResult: success, version: HTTP/1.1)
POST /session/902b3a7b47ebc4caf007da74f3fa9693/elements HTTP/1.1
User-Agent: selenium/4.6.0 (java windows)
Content-Length: 122
Content-Type: application/json; charset=utf-8
host: localhost:16688
accept: */*

Response DefaultHttpResponse(decodeResult: success, version: HTTP/1.1)
HTTP/1.1 200 OK
Content-Type: application/json; charset=utf-8
cache-control: no-cache
content-length: 12

[DEBUG] Adding key: http://localhost:16688 for channel [id: 0xfffd82f4, L:/127.0.0.1:50265 - R:localhost/127.0.0.1:16688]
[DEBUG] Using pooled Channel '[id: 0xfffd82f4, L:/127.0.0.1:50265 - R:localhost/127.0.0.1:16688]' for 'POST' to 'http://localhost:16688/session/902b3a7b47ebc4caf007da74f3fa9693/elements'
[DEBUG] Using open Channel [id: 0xfffd82f4, L:/127.0.0.1:50265 - R:localhost/127.0.0.1:16688] for POST '/session/902b3a7b47ebc4caf007da74f3fa9693/elements'
[DEBUG] 

Request DefaultHttpRequest(decodeResult: success, version: HTTP/1.1)
POST /session/902b3a7b47ebc4caf007da74f3fa9693/elements HTTP/1.1
User-Agent: selenium/4.6.0 (java windows)
Content-Length: 106
Content-Type: application/json; charset=utf-8
host: localhost:16688
accept: */*

Response DefaultHttpResponse(decodeResult: success, version: HTTP/1.1)
HTTP/1.1 200 OK
Content-Type: application/json; charset=utf-8
cache-control: no-cache
content-length: 97

[DEBUG] Adding key: http://localhost:16688 for channel [id: 0xfffd82f4, L:/127.0.0.1:50265 - R:localhost/127.0.0.1:16688]
[DEBUG] Using pooled Channel '[id: 0xfffd82f4, L:/127.0.0.1:50265 - R:localhost/127.0.0.1:16688]' for 'POST' to 'http://localhost:16688/session/902b3a7b47ebc4caf007da74f3fa9693/frame'
[DEBUG] Using open Channel [id: 0xfffd82f4, L:/127.0.0.1:50265 - R:localhost/127.0.0.1:16688] for POST '/session/902b3a7b47ebc4caf007da74f3fa9693/frame'
[DEBUG] 

Request DefaultHttpRequest(decodeResult: success, version: HTTP/1.1)
POST /session/902b3a7b47ebc4caf007da74f3fa9693/frame HTTP/1.1
User-Agent: selenium/4.6.0 (java windows)
Content-Length: 168
Content-Type: application/json; charset=utf-8
host: localhost:16688
accept: */*

Response DefaultHttpResponse(decodeResult: success, version: HTTP/1.1)
HTTP/1.1 200 OK
Content-Type: application/json; charset=utf-8
cache-control: no-cache
content-length: 14

[DEBUG] Adding key: http://localhost:16688 for channel [id: 0xfffd82f4, L:/127.0.0.1:50265 - R:localhost/127.0.0.1:16688]
[DEBUG] Using pooled Channel '[id: 0xfffd82f4, L:/127.0.0.1:50265 - R:localhost/127.0.0.1:16688]' for 'POST' to 'http://localhost:16688/session/902b3a7b47ebc4caf007da74f3fa9693/element'
[DEBUG] Using open Channel [id: 0xfffd82f4, L:/127.0.0.1:50265 - R:localhost/127.0.0.1:16688] for POST '/session/902b3a7b47ebc4caf007da74f3fa9693/element'
[DEBUG] 

Request DefaultHttpRequest(decodeResult: success, version: HTTP/1.1)
POST /session/902b3a7b47ebc4caf007da74f3fa9693/element HTTP/1.1
User-Agent: selenium/4.6.0 (java windows)
Content-Length: 88
Content-Type: application/json; charset=utf-8
host: localhost:16688
accept: */*

Response DefaultHttpResponse(decodeResult: success, version: HTTP/1.1)
HTTP/1.1 200 OK
Content-Type: application/json; charset=utf-8
cache-control: no-cache
content-length: 94

[DEBUG] Adding key: http://localhost:16688 for channel [id: 0xfffd82f4, L:/127.0.0.1:50265 - R:localhost/127.0.0.1:16688]
[DEBUG] Using pooled Channel '[id: 0xfffd82f4, L:/127.0.0.1:50265 - R:localhost/127.0.0.1:16688]' for 'POST' to 'http://localhost:16688/session/902b3a7b47ebc4caf007da74f3fa9693/element/4B938E747008770BDAB2979008328895_element_4/click'
[DEBUG] Using open Channel [id: 0xfffd82f4, L:/127.0.0.1:50265 - R:localhost/127.0.0.1:16688] for POST '/session/902b3a7b47ebc4caf007da74f3fa9693/element/4B938E747008770BDAB2979008328895_element_4/click'
[DEBUG] Entry count for : http://localhost:50266 : 1
[DEBUG] 

Request DefaultHttpRequest(decodeResult: success, version: HTTP/1.1)
POST /session/902b3a7b47ebc4caf007da74f3fa9693/element/4B938E747008770BDAB2979008328895_element_4/click HTTP/1.1
User-Agent: selenium/4.6.0 (java windows)
Content-Length: 56
Content-Type: application/json; charset=utf-8
host: localhost:16688
accept: */*

Response DefaultHttpResponse(decodeResult: success, version: HTTP/1.1)
HTTP/1.1 200 OK
Content-Type: application/json; charset=utf-8
cache-control: no-cache
content-length: 14

[DEBUG] Adding key: http://localhost:16688 for channel [id: 0xfffd82f4, L:/127.0.0.1:50265 - R:localhost/127.0.0.1:16688]
  Given I navigate to Sky News Website home page                                                                                         # stepdefinitions.Steps.loadHomePage()
[DEBUG] Entry count for : http://localhost:16688 : 1
[DEBUG] Entry count for : http://localhost:50266 : 1
[DEBUG] Using pooled Channel '[id: 0xfffd82f4, L:/127.0.0.1:50265 - R:localhost/127.0.0.1:16688]' for 'POST' to 'http://localhost:16688/session/902b3a7b47ebc4caf007da74f3fa9693/elements'
[DEBUG] Using open Channel [id: 0xfffd82f4, L:/127.0.0.1:50265 - R:localhost/127.0.0.1:16688] for POST '/session/902b3a7b47ebc4caf007da74f3fa9693/elements'
[DEBUG] Entry count for : http://localhost:50266 : 1
[DEBUG] 

Request DefaultHttpRequest(decodeResult: success, version: HTTP/1.1)
POST /session/902b3a7b47ebc4caf007da74f3fa9693/elements HTTP/1.1
User-Agent: selenium/4.6.0 (java windows)
Content-Length: 94
Content-Type: application/json; charset=utf-8
host: localhost:16688
accept: */*

Response DefaultHttpResponse(decodeResult: success, version: HTTP/1.1)
HTTP/1.1 200 OK
Content-Type: application/json; charset=utf-8
cache-control: no-cache
content-length: 5268

[DEBUG] Adding key: http://localhost:16688 for channel [id: 0xfffd82f4, L:/127.0.0.1:50265 - R:localhost/127.0.0.1:16688]
[DEBUG] Using pooled Channel '[id: 0xfffd82f4, L:/127.0.0.1:50265 - R:localhost/127.0.0.1:16688]' for 'POST' to 'http://localhost:16688/session/902b3a7b47ebc4caf007da74f3fa9693/elements'
[DEBUG] Using open Channel [id: 0xfffd82f4, L:/127.0.0.1:50265 - R:localhost/127.0.0.1:16688] for POST '/session/902b3a7b47ebc4caf007da74f3fa9693/elements'
[DEBUG] 

Request DefaultHttpRequest(decodeResult: success, version: HTTP/1.1)
POST /session/902b3a7b47ebc4caf007da74f3fa9693/elements HTTP/1.1
User-Agent: selenium/4.6.0 (java windows)
Content-Length: 101
Content-Type: application/json; charset=utf-8
host: localhost:16688
accept: */*

Response DefaultHttpResponse(decodeResult: success, version: HTTP/1.1)
HTTP/1.1 200 OK
Content-Type: application/json; charset=utf-8
cache-control: no-cache
content-length: 5317

[DEBUG] Adding key: http://localhost:16688 for channel [id: 0xfffd82f4, L:/127.0.0.1:50265 - R:localhost/127.0.0.1:16688]
[DEBUG] Using pooled Channel '[id: 0xfffd82f4, L:/127.0.0.1:50265 - R:localhost/127.0.0.1:16688]' for 'GET' to 'http://localhost:16688/session/902b3a7b47ebc4caf007da74f3fa9693/element/EFFD2F39388B9246ACBEE89ECCD6EC93_element_51/text'
[DEBUG] Using open Channel [id: 0xfffd82f4, L:/127.0.0.1:50265 - R:localhost/127.0.0.1:16688] for GET '/session/902b3a7b47ebc4caf007da74f3fa9693/element/EFFD2F39388B9246ACBEE89ECCD6EC93_element_51/text'
[DEBUG] Entry count for : http://localhost:50266 : 1
[DEBUG] 

Request DefaultFullHttpRequest(decodeResult: success, version: HTTP/1.1, content: EmptyByteBufBE)
GET /session/902b3a7b47ebc4caf007da74f3fa9693/element/EFFD2F39388B9246ACBEE89ECCD6EC93_element_51/text HTTP/1.1
User-Agent: selenium/4.6.0 (java windows)
Cache-Control: no-cache
Content-Type: application/json; charset=utf-8
host: localhost:16688
accept: */*

Response DefaultHttpResponse(decodeResult: success, version: HTTP/1.1)
HTTP/1.1 200 OK
Content-Type: application/json; charset=utf-8
cache-control: no-cache
content-length: 54

[DEBUG] Adding key: http://localhost:16688 for channel [id: 0xfffd82f4, L:/127.0.0.1:50265 - R:localhost/127.0.0.1:16688]
[DEBUG] Using pooled Channel '[id: 0xfffd82f4, L:/127.0.0.1:50265 - R:localhost/127.0.0.1:16688]' for 'POST' to 'http://localhost:16688/session/902b3a7b47ebc4caf007da74f3fa9693/element/EFFD2F39388B9246ACBEE89ECCD6EC93_element_32/click'
[DEBUG] Using open Channel [id: 0xfffd82f4, L:/127.0.0.1:50265 - R:localhost/127.0.0.1:16688] for POST '/session/902b3a7b47ebc4caf007da74f3fa9693/element/EFFD2F39388B9246ACBEE89ECCD6EC93_element_32/click'
[DEBUG] Entry count for : http://localhost:50266 : 1
[DEBUG] 

Request DefaultHttpRequest(decodeResult: success, version: HTTP/1.1)
POST /session/902b3a7b47ebc4caf007da74f3fa9693/element/EFFD2F39388B9246ACBEE89ECCD6EC93_element_32/click HTTP/1.1
User-Agent: selenium/4.6.0 (java windows)
Content-Length: 57
Content-Type: application/json; charset=utf-8
host: localhost:16688
accept: */*

Response DefaultHttpResponse(decodeResult: success, version: HTTP/1.1)
HTTP/1.1 200 OK
Content-Type: application/json; charset=utf-8
cache-control: no-cache
content-length: 14

[DEBUG] Adding key: http://localhost:16688 for channel [id: 0xfffd82f4, L:/127.0.0.1:50265 - R:localhost/127.0.0.1:16688]
  When I select one story from the home page                                                                                             # stepdefinitions.Steps.selectStory()
[DEBUG] Using pooled Channel '[id: 0xfffd82f4, L:/127.0.0.1:50265 - R:localhost/127.0.0.1:16688]' for 'GET' to 'http://localhost:16688/session/902b3a7b47ebc4caf007da74f3fa9693/title'
[DEBUG] Using open Channel [id: 0xfffd82f4, L:/127.0.0.1:50265 - R:localhost/127.0.0.1:16688] for GET '/session/902b3a7b47ebc4caf007da74f3fa9693/title'
[DEBUG] 

Request DefaultFullHttpRequest(decodeResult: success, version: HTTP/1.1, content: EmptyByteBufBE)
GET /session/902b3a7b47ebc4caf007da74f3fa9693/title HTTP/1.1
User-Agent: selenium/4.6.0 (java windows)
Cache-Control: no-cache
Content-Type: application/json; charset=utf-8
host: localhost:16688
accept: */*

Response DefaultHttpResponse(decodeResult: success, version: HTTP/1.1)
HTTP/1.1 200 OK
Content-Type: application/json; charset=utf-8
cache-control: no-cache
content-length: 174

[DEBUG] Adding key: http://localhost:16688 for channel [id: 0xfffd82f4, L:/127.0.0.1:50265 - R:localhost/127.0.0.1:16688]
[DEBUG] Using pooled Channel '[id: 0xfffd82f4, L:/127.0.0.1:50265 - R:localhost/127.0.0.1:16688]' for 'GET' to 'http://localhost:16688/session/902b3a7b47ebc4caf007da74f3fa9693/screenshot'
[DEBUG] Using open Channel [id: 0xfffd82f4, L:/127.0.0.1:50265 - R:localhost/127.0.0.1:16688] for GET '/session/902b3a7b47ebc4caf007da74f3fa9693/screenshot'
[DEBUG] Entry count for : http://localhost:50266 : 1
[DEBUG] Entry count for : http://localhost:50266 : 1
[DEBUG] 

Request DefaultFullHttpRequest(decodeResult: success, version: HTTP/1.1, content: EmptyByteBufBE)
GET /session/902b3a7b47ebc4caf007da74f3fa9693/screenshot HTTP/1.1
User-Agent: selenium/4.6.0 (java windows)
Cache-Control: no-cache
Content-Type: application/json; charset=utf-8
host: localhost:16688
accept: */*

Response DefaultHttpResponse(decodeResult: success, version: HTTP/1.1)
HTTP/1.1 200 OK
Content-Type: application/json; charset=utf-8
cache-control: no-cache
content-length: 223292

[DEBUG] Adding key: http://localhost:16688 for channel [id: 0xfffd82f4, L:/127.0.0.1:50265 - R:localhost/127.0.0.1:16688]
[INFO] **********Story Text Displayed**************
[DEBUG] Channel Closed: [id: 0xe6245d2f, L:/127.0.0.1:50276 ! R:localhost/127.0.0.1:50266] with attribute NettyResponseFuture{currentRetry=0,
	isDone=1,
	isCancelled=0,
	asyncHandler=org.asynchttpclient.ws.WebSocketUpgradeHandler@10f5b530,
	nettyRequest=org.asynchttpclient.netty.request.NettyRequest@11bd2445,
	future=java.util.concurrent.CompletableFuture@43c217a[Completed normally],
	uri=ws://localhost:50266/devtools/browser/1ce5a934-3890-4520-8994-9f4d765fdb7f,
	keepAlive=true,
	redirectCount=0,
	timeoutsHolder=null,
	inAuth=0,
	touch=1698331128782}
[DEBUG] Closing Channel [id: 0xe6245d2f, L:/127.0.0.1:50276 ! R:localhost/127.0.0.1:50266] 
[DEBUG] Using pooled Channel '[id: 0xfffd82f4, L:/127.0.0.1:50265 - R:localhost/127.0.0.1:16688]' for 'DELETE' to 'http://localhost:16688/session/902b3a7b47ebc4caf007da74f3fa9693'
[DEBUG] Using open Channel [id: 0xfffd82f4, L:/127.0.0.1:50265 - R:localhost/127.0.0.1:16688] for DELETE '/session/902b3a7b47ebc4caf007da74f3fa9693'
[DEBUG] Entry count for : http://localhost:50266 : 1
[DEBUG] Unexpected I/O exception on channel [id: 0x26a12ae6, L:/127.0.0.1:50275 - R:localhost/127.0.0.1:50266]
java.io.IOException: An existing connection was forcibly closed by the remote host
	at java.base/sun.nio.ch.SocketDispatcher.read0(Native Method) ~[na:na]
	at java.base/sun.nio.ch.SocketDispatcher.read(SocketDispatcher.java:43) ~[na:na]
	at java.base/sun.nio.ch.IOUtil.readIntoNativeBuffer(IOUtil.java:276) ~[na:na]
	at java.base/sun.nio.ch.IOUtil.read(IOUtil.java:233) ~[na:na]
	at java.base/sun.nio.ch.IOUtil.read(IOUtil.java:223) ~[na:na]
	at java.base/sun.nio.ch.SocketChannelImpl.read(SocketChannelImpl.java:358) ~[na:na]
	at io.netty.buffer.PooledByteBuf.setBytes(PooledByteBuf.java:259) ~[netty-buffer-4.1.84.Final.jar:4.1.84.Final]
	at io.netty.buffer.AbstractByteBuf.writeBytes(AbstractByteBuf.java:1132) ~[netty-buffer-4.1.84.Final.jar:4.1.84.Final]
	at io.netty.channel.socket.nio.NioSocketChannel.doReadBytes(NioSocketChannel.java:357) ~[netty-transport-4.1.84.Final.jar:4.1.84.Final]
	at io.netty.channel.nio.AbstractNioByteChannel$NioByteUnsafe.read(AbstractNioByteChannel.java:151) ~[netty-transport-4.1.84.Final.jar:4.1.84.Final]
	at io.netty.channel.nio.NioEventLoop.processSelectedKey(NioEventLoop.java:788) ~[netty-transport-4.1.84.Final.jar:4.1.84.Final]
	at io.netty.channel.nio.NioEventLoop.processSelectedKeysOptimized(NioEventLoop.java:724) ~[netty-transport-4.1.84.Final.jar:4.1.84.Final]
	at io.netty.channel.nio.NioEventLoop.processSelectedKeys(NioEventLoop.java:650) ~[netty-transport-4.1.84.Final.jar:4.1.84.Final]
	at io.netty.channel.nio.NioEventLoop.run(NioEventLoop.java:562) ~[netty-transport-4.1.84.Final.jar:4.1.84.Final]
	at io.netty.util.concurrent.SingleThreadEventExecutor$4.run(SingleThreadEventExecutor.java:997) ~[netty-common-4.1.84.Final.jar:4.1.84.Final]
	at io.netty.util.internal.ThreadExecutorMap$2.run(ThreadExecutorMap.java:74) ~[netty-common-4.1.84.Final.jar:4.1.84.Final]
	at io.netty.util.concurrent.FastThreadLocalRunnable.run(FastThreadLocalRunnable.java:30) ~[netty-common-4.1.84.Final.jar:4.1.84.Final]
	at java.base/java.lang.Thread.run(Thread.java:834) ~[na:na]
[DEBUG] Closing Channel [id: 0x26a12ae6, L:/127.0.0.1:50275 - R:localhost/127.0.0.1:50266] 
[DEBUG] Channel Closed: [id: 0x26a12ae6, L:/127.0.0.1:50275 ! R:localhost/127.0.0.1:50266] with attribute DISCARD
[DEBUG] 

Request DefaultFullHttpRequest(decodeResult: success, version: HTTP/1.1, content: EmptyByteBufBE)
DELETE /session/902b3a7b47ebc4caf007da74f3fa9693 HTTP/1.1
User-Agent: selenium/4.6.0 (java windows)
Content-Type: application/json; charset=utf-8
host: localhost:16688
accept: */*

Response DefaultHttpResponse(decodeResult: success, version: HTTP/1.1)
HTTP/1.1 200 OK
Content-Type: application/json; charset=utf-8
cache-control: no-cache
content-length: 14

[DEBUG] Adding key: http://localhost:16688 for channel [id: 0xfffd82f4, L:/127.0.0.1:50265 - R:localhost/127.0.0.1:16688]
[DEBUG] Channel Closed: [id: 0xfffd82f4, L:/127.0.0.1:50265 ! R:localhost/127.0.0.1:16688] with attribute DISCARD
[DEBUG] Entry count for : http://localhost:16688 : 1
[DEBUG] Entry count for : http://localhost:50266 : 1
[DEBUG] Adding Candidate expired Channel [id: 0xfffd82f4, L:/127.0.0.1:50265 ! R:localhost/127.0.0.1:16688] isIdleTimeoutExpired=false isRemotelyClosed=true isTtlExpired=false
[DEBUG] Closing Idle Channel [id: 0xfffd82f4, L:/127.0.0.1:50265 ! R:localhost/127.0.0.1:16688]
[DEBUG] Adding Candidate expired Channel [id: 0x26a12ae6, L:/127.0.0.1:50275 ! R:localhost/127.0.0.1:50266] isIdleTimeoutExpired=false isRemotelyClosed=true isTtlExpired=false
[DEBUG] Closing Idle Channel [id: 0x26a12ae6, L:/127.0.0.1:50275 ! R:localhost/127.0.0.1:50266]
[DEBUG] Closed 2 connections out of 2 in 0 ms
  Then The title of the resulting page contains the words from the title of the story selected                                           # stepdefinitions.Steps.verifyStoryTitle()
]]></system-out>
    <system-err><![CDATA[Oct 26, 2023 3:38:44 PM org.openqa.selenium.remote.RemoteWebDriver checkNonW3CCapabilities
WARNING: Support for Legacy Capabilities is deprecated; You are sending the following invalid capabilities: [unexpectedAlertBehaviour]; Please update to W3C Syntax: https://www.selenium.dev/blog/2022/legacy-protocol-support/
Starting ChromeDriver 118.0.5993.70 (e52f33f30b91b4ddfad649acddc39ab570473b86-refs/branch-heads/5993@{#1216}) on port 16688
Only local connections are allowed.
Please see https://chromedriver.chromium.org/security-considerations for suggestions on keeping ChromeDriver safe.
ChromeDriver was started successfully.
Oct 26, 2023 3:38:48 PM org.openqa.selenium.remote.ProtocolHandshake createSession
WARNING: Support for Legacy Capabilities is deprecated; You are sending the following invalid capabilities: [unexpectedAlertBehaviour]; Please update to W3C Syntax: https://www.selenium.dev/blog/2022/legacy-protocol-support/
Oct 26, 2023 3:38:48 PM org.openqa.selenium.devtools.CdpVersionFinder findNearestMatch
WARNING: Unable to find CDP implementation matching 118
Oct 26, 2023 3:38:48 PM org.openqa.selenium.chromium.ChromiumDriver lambda$new$3
WARNING: Unable to find version of CDP to use for . You may need to include a dependency on a specific version of the CDP using something similar to `org.seleniumhq.selenium:selenium-devtools-v86:4.6.0` where the version ("v86") matches the version of the chromium-based browser you're using and the version number of the artifact is the same as Selenium's.
]]></system-err>
  </testcase>
</testsuite>